2026-02-05T18:38:13 SQLite weather logger started
2026-02-05T18:38:13 [DB] Old data purged
2026-02-05T19:00:01 [GIT] Push successful
2026-02-05T19:30:02 [GIT] Push successful
2026-02-05T20:00:02 [GIT] Push successful
2026-02-05T20:30:02 [GIT] Push successful
2026-02-05T21:00:01 [GIT] Push successful
2026-02-05T21:30:01 [GIT] Push successful
2026-02-05T22:00:01 [GIT] Push successful
2026-02-05T22:30:01 [GIT] Push successful
2026-02-05T23:00:02 [GIT] Push successful
2026-02-05T23:30:02 [GIT] Push successful
2026-02-06T00:00:00 [DB] Old data purged
2026-02-06T00:00:02 [GIT] Push successful
2026-02-06T00:30:02 [GIT] Push successful
2026-02-06T01:00:02 [GIT] Push successful
2026-02-06T01:30:02 [GIT] Push successful
2026-02-06T02:00:02 [GIT] Push successful
2026-02-06T02:30:02 [GIT] Push successful
2026-02-06T03:00:03 [GIT] Push successful
2026-02-06T03:30:02 [GIT] Push successful
2026-02-06T04:00:02 [GIT] Push successful
2026-02-06T04:30:03 [GIT] Push successful
2026-02-06T05:00:02 [GIT] Push successful
2026-02-06T05:30:02 [GIT] Push successful
2026-02-06T06:00:03 [GIT] Push successful
2026-02-06T06:30:02 [GIT] Push successful
2026-02-06T07:00:02 [GIT] Push successful
2026-02-06T07:30:00 [GIT ERROR] Command '['git', '-C', '/home/akara/GitRepos/RPi_Compact-Weather-Station', 'commit', '-m', 'Weather DB update 2026-02-06 07:30']' returned non-zero exit status 1.
2026-02-06T08:00:02 [GIT] Push successful
2026-02-06T08:30:02 [GIT] Push successful
2026-02-06T09:00:01 [GIT] Push successful
2026-02-06T09:30:02 [GIT] Push successful
2026-02-06T10:00:02 [GIT] Push successful
2026-02-06T10:30:01 [GIT] Push successful
2026-02-06T11:00:02 [GIT] Push successful
2026-02-06T11:30:03 [GIT] Push successful
2026-02-06T12:00:01 [GIT] Push successful
2026-02-06T12:30:01 [GIT] Push successful
2026-02-06T13:00:03 [GIT] Push successful
2026-02-06T13:30:01 [GIT] Push successful
2026-02-06T14:00:02 [GIT] Push successful
2026-02-06T14:30:02 [GIT] Push successful
2026-02-06T15:00:02 [GIT] Push successful
2026-02-06T15:30:03 [GIT] Push successful
2026-02-06T16:00:01 [GIT] Push successful
2026-02-06T16:30:02 [GIT] Push successful
2026-02-06T17:00:01 [GIT] Push successful
2026-02-06T17:30:01 [GIT] Push successful
2026-02-06T18:00:02 [GIT] Push successful
2026-02-06T18:30:00 [GIT ERROR] Command '['git', '-C', '/home/akara/GitRepos/RPi_Compact-Weather-Station', 'commit', '-m', 'Weather DB update 2026-02-06 18:30']' returned non-zero exit status 1.
2026-02-06T19:00:02 [GIT] Push successful
2026-02-06T19:22:41 SQLite weather logger started
2026-02-06T19:22:41 [DB] Old data purged
2026-02-06T19:22:47 Logger stopped cleanly
2026-02-06T19:23:56 SQLite weather logger started
2026-02-06T19:23:56 [DB] Old data purged
2026-02-06T19:30:00 [CSV DAY] Updated (1441 rows)
2026-02-06T19:30:00 [CSV WEEKLY] Updated (26 rows)
2026-02-06T19:30:01 [GIT ERROR] Command '['git', '-C', '/home/akara/GitRepos/RPi_Compact-Weather-Station', 'add', '.']' returned non-zero exit status 128.
2026-02-06T19:30:02 [GIT] Push successful
2026-02-06T20:00:01 [CSV DAY] Updated (1471 rows)
2026-02-06T20:00:01 [CSV WEEKLY] Updated (26 rows)
2026-02-06T20:00:02 [GIT] Push successful
2026-02-06T20:00:02 [GIT] Push successful
2026-02-06T20:30:00 [CSV DAY] Updated (1499 rows)
2026-02-06T20:30:00 [CSV WEEKLY] Updated (27 rows)
2026-02-06T20:30:02 [GIT] Push successful
2026-02-06T20:30:02 [GIT ERROR] Command '['git', '-C', '/home/akara/GitRepos/RPi_Compact-Weather-Station', 'push']' returned non-zero exit status 1.
2026-02-06T21:00:00 [CSV DAY] Updated (1527 rows)
2026-02-06T21:00:00 [CSV WEEKLY] Updated (27 rows)
2026-02-06T21:00:02 [GIT] Push successful
2026-02-06T21:00:02 [GIT] Push successful
2026-02-06T21:30:00 [CSV DAY] Updated (1555 rows)
2026-02-06T21:30:00 [CSV WEEKLY] Updated (28 rows)
2026-02-06T21:30:02 [GIT] Push successful
2026-02-06T21:30:02 [GIT ERROR] Command '['git', '-C', '/home/akara/GitRepos/RPi_Compact-Weather-Station', 'push']' returned non-zero exit status 1.
2026-02-06T22:00:00 [CSV DAY] Updated (1584 rows)
2026-02-06T22:00:00 [CSV WEEKLY] Updated (28 rows)
2026-02-06T22:00:01 [GIT ERROR] Command '['git', '-C', '/home/akara/GitRepos/RPi_Compact-Weather-Station', 'commit', '-m', 'Weather DB update 2026-02-06 22:00']' returned non-zero exit status 1.
2026-02-06T22:00:02 [GIT] Push successful
2026-02-06T22:30:00 [CSV DAY] Updated (1618 rows)
2026-02-06T22:30:00 [CSV WEEKLY] Updated (29 rows)
2026-02-06T22:30:00 [GIT ERROR] Command '['git', '-C', '/home/akara/GitRepos/RPi_Compact-Weather-Station', 'commit', '-m', 'Weather DB update 2026-02-06 22:30']' returned non-zero exit status 1.
2026-02-06T22:30:01 [GIT] Push successful
2026-02-06T23:00:00 [CSV DAY] Updated (1647 rows)
2026-02-06T23:00:00 [CSV WEEKLY] Updated (29 rows)
2026-02-06T23:00:00 [GIT ERROR] Command '['git', '-C', '/home/akara/GitRepos/RPi_Compact-Weather-Station', 'commit', '-m', 'Weather DB update 2026-02-06 23:00']' returned non-zero exit status 1.
2026-02-06T23:00:01 [GIT] Push successful
2026-02-06T23:30:00 [CSV DAY] Updated (1677 rows)
2026-02-06T23:30:00 [CSV WEEKLY] Updated (30 rows)
2026-02-06T23:30:01 [GIT] Push successful
2026-02-06T23:30:02 [GIT] Push successful
2026-02-06T23:57:17 Logger stopped cleanly
2026-02-06T23:57:45 SQLite weather logger started
2026-02-06T23:57:45 [DB] Old data purged
2026-02-06T23:59:58 SQLite weather logger started
2026-02-06T23:59:58 [DB] Old data purged
2026-02-07T00:00:00 [DB] Old data purged
2026-02-07T00:00:00 [DB] Old data purged
2026-02-07T00:00:00 [CSV WEEKLY] Updated (30 rows)
2026-02-07T00:00:00 [DB] Old data purged
2026-02-07T00:00:00 [CSV WEEKLY] Updated (30 rows)
2026-02-07T00:00:01 [GIT ERROR] Command '['git', '-C', '/home/akara/GitRepos/RPi_Compact-Weather-Station', 'push']' returned non-zero exit status 1.
2026-02-07T00:00:01 [GIT ERROR] Command '['git', '-C', '/home/akara/GitRepos/RPi_Compact-Weather-Station', 'push']' returned non-zero exit status 1.
2026-02-07T00:00:01 [GIT ERROR] Command '['git', '-C', '/home/akara/GitRepos/RPi_Compact-Weather-Station', 'push']' returned non-zero exit status 1.
2026-02-07T00:00:09 Logger stopped cleanly
2026-02-07T00:01:46 Logger stopped cleanly
2026-02-07T00:02:05 SQLite weather logger started
2026-02-07T00:02:05 [DB] Old data purged
2026-02-07T00:30:00 [CSV WEEKLY] Updated (31 rows)
2026-02-07T00:30:00 [GIT ERROR] Command '['git', '-C', '/home/akara/GitRepos/RPi_Compact-Weather-Station', 'commit', '-m', 'Weather DB update 2026-02-07 00:30']' returned non-zero exit status 1.
2026-02-07T00:30:02 [GIT] Push successful
2026-02-07T01:00:00 [CSV WEEKLY] Updated (31 rows)
2026-02-07T01:00:01 [GIT ERROR] Command '['git', '-C', '/home/akara/GitRepos/RPi_Compact-Weather-Station', 'commit', '-m', 'Weather DB update 2026-02-07 01:00']' returned non-zero exit status 1.
2026-02-07T01:00:02 [GIT] Push successful
2026-02-07T01:30:00 [CSV WEEKLY] Updated (32 rows)
2026-02-07T01:30:00 [GIT ERROR] Command '['git', '-C', '/home/akara/GitRepos/RPi_Compact-Weather-Station', 'commit', '-m', 'Weather DB update 2026-02-07 01:30']' returned non-zero exit status 1.
2026-02-07T01:30:01 [GIT] Push successful
2026-02-07T02:00:02 [GIT] Push successful
2026-02-07T02:30:02 [GIT] Push successful
2026-02-07T03:00:02 [GIT] Push successful
2026-02-07T03:30:02 [GIT] Push successful
2026-02-07T04:00:02 [GIT] Push successful
2026-02-07T04:30:02 [GIT] Push successful
2026-02-07T05:00:01 [GIT] Push successful
2026-02-07T05:30:02 [GIT] Push successful
2026-02-07T06:00:02 [GIT] Push successful
2026-02-07T06:30:01 [GIT] Push successful
2026-02-07T07:00:02 [GIT] Push successful
2026-02-07T07:30:02 [GIT] Push successful
2026-02-07T08:00:02 [GIT] Push successful
2026-02-07T08:30:02 [GIT] Push successful
2026-02-07T09:00:01 [GIT] Push successful
2026-02-07T09:30:01 [GIT] Push successful
2026-02-07T10:00:01 [GIT] Push successful
2026-02-07T10:22:25 SQLite weather logger started
2026-02-07T10:22:25 [DB] Old data purged
2026-02-07T10:30:00 [CSV WEEKLY] Updated (41 rows)
2026-02-07T10:30:01 [GIT] Push successful
2026-02-07T10:30:02 [GIT] Push successful
2026-02-07T11:00:00 [CSV WEEKLY] Updated (41 rows)
2026-02-07T11:00:01 [GIT ERROR] Command '['git', '-C', '/home/akara/GitRepos/RPi_Compact-Weather-Station', 'commit', '-m', 'Weather DB update 2026-02-07 11:00']' returned non-zero exit status 1.
2026-02-07T11:00:02 [GIT] Push successful
2026-02-07T11:30:00 [CSV WEEKLY] Updated (42 rows)
2026-02-07T11:30:00 [GIT ERROR] Command '['git', '-C', '/home/akara/GitRepos/RPi_Compact-Weather-Station', 'commit', '-m', 'Weather DB update 2026-02-07 11:30']' returned non-zero exit status 1.
2026-02-07T11:30:01 [GIT] Push successful
2026-02-07T12:00:00 [CSV WEEKLY] Updated (42 rows)
2026-02-07T12:00:01 [GIT] Push successful
2026-02-07T12:00:02 [GIT] Push successful
2026-02-07T12:30:00 [CSV WEEKLY] Updated (43 rows)
2026-02-07T12:30:01 [GIT] Push successful
2026-02-07T12:30:02 [GIT] Push successful
2026-02-07T13:00:00 [CSV WEEKLY] Updated (43 rows)
2026-02-07T13:00:00 [GIT ERROR] Command '['git', '-C', '/home/akara/GitRepos/RPi_Compact-Weather-Station', 'commit', '-m', 'Weather DB update 2026-02-07 13:00']' returned non-zero exit status 1.
2026-02-07T13:00:02 [GIT] Push successful
2026-02-07T13:30:01 [GIT] Push successful
2026-02-07T14:00:02 [GIT] Push successful
2026-02-07T14:30:02 [GIT] Push successful
2026-02-07T15:00:02 [GIT] Push successful
2026-02-07T15:30:02 [GIT] Push successful
2026-02-07T15:36:09 SQLite weather logger started
2026-02-07T15:36:09 [DB] Old data purged
2026-02-07T15:38:48 SQLite weather logger started
2026-02-07T15:38:48 [DB] Old data purged
2026-02-07T16:00:00 [CSV WEEKLY] Updated (46 rows)
2026-02-07T16:00:00 [CSV WEEKLY] Updated (46 rows)
2026-02-07T16:00:00 [GIT ERROR] Command '['git', '-C', '/home/akara/GitRepos/RPi_Compact-Weather-Station', 'commit', '-m', 'Weather DB update 2026-02-07 16:00']' returned non-zero exit status 1.
2026-02-07T16:00:01 [GIT] Push successful
2026-02-07T16:00:02 [GIT ERROR] Command '['git', '-C', '/home/akara/GitRepos/RPi_Compact-Weather-Station', 'push']' returned non-zero exit status 1.
2026-02-07T16:22:10 Logger stopped cleanly
2026-02-07T16:30:00 [CSV WEEKLY] Updated (47 rows)
2026-02-07T16:30:02 [GIT] Push successful
2026-02-07T16:30:02 [GIT ERROR] Command '['git', '-C', '/home/akara/GitRepos/RPi_Compact-Weather-Station', 'push']' returned non-zero exit status 1.
2026-02-07T17:00:02 [GIT] Push successful
2026-02-07T17:30:02 [GIT] Push successful
2026-02-07T18:00:02 [GIT] Push successful
2026-02-07T18:03:54 SQLite weather logger started
2026-02-07T18:03:54 [DB] Old data purged
2026-02-07T18:04:08 SQLite weather logger started
2026-02-07T18:04:08 [DB] Old data purged
2026-02-07T18:04:11 Logger stopped cleanly
2026-02-07T18:30:02 [GIT] Push successful
2026-02-07T19:00:01 [GIT] Push successful
2026-02-07T19:30:01 [GIT] Push successful
2026-02-07T20:00:01 [GIT] Push successful
2026-02-07T20:30:02 [GIT] Push successful
2026-02-07T21:00:02 [GIT] Push successful
2026-02-07T21:30:02 [GIT] Push successful
2026-02-07T22:00:01 [GIT] Push successful
2026-02-07T22:30:01 [GIT] Push successful
2026-02-07T23:00:02 [GIT] Push successful
2026-02-07T23:30:02 [GIT] Push successful
2026-02-08T00:00:00 [DB] Old data purged
2026-02-08T00:00:01 [GIT] Push successful
2026-02-08T00:30:02 [GIT] Push successful
2026-02-08T01:00:02 [GIT] Push successful
2026-02-08T01:30:02 [GIT] Push successful
2026-02-08T02:00:02 [GIT] Push successful
2026-02-08T02:30:02 [GIT] Push successful
2026-02-08T03:00:02 [GIT] Push successful
2026-02-08T03:30:02 [GIT] Push successful
2026-02-08T04:00:01 [GIT] Push successful
2026-02-08T04:30:01 [GIT] Push successful
2026-02-08T05:00:02 [GIT] Push successful
2026-02-08T05:30:02 [GIT] Push successful
2026-02-08T06:00:02 [GIT] Push successful
2026-02-08T06:30:01 [GIT] Push successful
2026-02-08T07:00:01 [GIT] Push successful
2026-02-08T07:23:09 SQLite weather logger started
2026-02-08T07:23:09 [DB] Old data purged
2026-02-08T07:24:15 SQLite weather logger started
2026-02-08T07:24:15 [DB] Old data purged
2026-02-08T07:24:16 Logger stopped cleanly
2026-02-08T07:30:00 [CSV WEEKLY] Updated (62 rows)
2026-02-08T07:30:01 [GIT] Push successful
2026-02-08T07:30:02 [GIT] Push successful
2026-02-08T07:56:07 Logger stopped cleanly
2026-02-08T07:56:10 SQLite weather logger started
2026-02-08T07:56:10 [DB] Old data purged
2026-02-08T08:00:00 [CSV WEEKLY] Updated (4330 rows)
2026-02-08T08:00:01 [GIT ERROR] Command '['git', '-C', '/home/akara/GitRepos/RPi_Compact-Weather-Station', 'commit', '-m', 'Weather DB update 2026-02-08 08:00']' returned non-zero exit status 1.
2026-02-08T08:00:02 [GIT] Push successful
2026-02-08T08:30:00 [CSV WEEKLY] Updated (4390 rows)
2026-02-08T08:30:01 [GIT] Push successful
2026-02-08T08:30:02 [GIT ERROR] Command '['git', '-C', '/home/akara/GitRepos/RPi_Compact-Weather-Station', 'push']' returned non-zero exit status 1.
2026-02-08T09:00:00 [CSV WEEKLY] Updated (4448 rows)
2026-02-08T09:00:02 [GIT] Push successful
2026-02-08T09:00:02 [GIT ERROR] Command '['git', '-C', '/home/akara/GitRepos/RPi_Compact-Weather-Station', 'push']' returned non-zero exit status 1.
2026-02-08T09:30:01 [GIT] Push successful
2026-02-08T10:00:02 [GIT] Push successful
2026-02-08T10:30:02 [GIT] Push successful
2026-02-08T11:00:02 [GIT] Push successful
2026-02-08T11:30:01 [GIT] Push successful
2026-02-08T12:00:02 [GIT] Push successful
2026-02-08T12:30:02 [GIT] Push successful
2026-02-08T13:00:02 [GIT] Push successful
2026-02-08T13:30:02 [GIT] Push successful
2026-02-08T14:00:02 [GIT] Push successful
2026-02-08T14:30:01 [GIT] Push successful
2026-02-08T15:00:01 [GIT] Push successful
2026-02-08T15:30:02 [GIT] Push successful
2026-02-08T16:00:02 [GIT] Push successful
2026-02-08T16:30:02 [GIT] Push successful
2026-02-08T17:00:01 [GIT] Push successful
2026-02-08T17:30:02 [GIT] Push successful
2026-02-08T17:48:38 SQLite weather logger started
2026-02-08T17:48:38 [DB] Old data purged
2026-02-08T18:00:00 [CSV WEEKLY] Updated (5015 rows)
2026-02-08T18:00:00 [GIT ERROR] Command '['git', '-C', '/home/akara/GitRepos/RPi_Compact-Weather-Station', 'commit', '-m', 'Weather DB update 2026-02-08 18:00']' returned non-zero exit status 1.
2026-02-08T18:00:02 [GIT] Push successful
2026-02-08T18:30:00 [CSV WEEKLY] Updated (5075 rows)
2026-02-08T18:30:01 [GIT] Push successful
2026-02-08T18:30:02 [GIT] Push successful
2026-02-08T19:00:00 [CSV WEEKLY] Updated (5134 rows)
2026-02-08T19:00:00 [GIT ERROR] Command '['git', '-C', '/home/akara/GitRepos/RPi_Compact-Weather-Station', 'add', '.']' returned non-zero exit status 128.
2026-02-08T19:00:02 [GIT] Push successful
2026-02-08T19:30:00 [CSV WEEKLY] Updated (5193 rows)
2026-02-08T19:30:00 [GIT ERROR] Command '['git', '-C', '/home/akara/GitRepos/RPi_Compact-Weather-Station', 'commit', '-m', 'Weather DB update 2026-02-08 19:30']' returned non-zero exit status 1.
2026-02-08T19:30:02 [GIT] Push successful
2026-02-08T20:00:00 [CSV WEEKLY] Updated (5253 rows)
2026-02-08T20:00:01 [GIT] Push successful
2026-02-08T20:00:02 [GIT] Push successful
2026-02-08T20:30:02 [GIT] Push successful
2026-02-08T21:00:02 [GIT] Push successful
2026-02-08T21:30:02 [GIT] Push successful
2026-02-08T22:00:02 [GIT] Push successful
2026-02-08T22:30:01 [GIT] Push successful
2026-02-08T23:00:02 [GIT] Push successful
2026-02-08T23:30:02 [GIT] Push successful
2026-02-09T00:00:00 [DB] Old data purged
2026-02-09T00:00:02 [GIT] Push successful
2026-02-09T00:30:02 [GIT] Push successful
2026-02-09T01:00:02 [GIT] Push successful
2026-02-09T01:30:02 [GIT] Push successful
2026-02-09T02:00:02 [GIT] Push successful
2026-02-09T02:30:02 [GIT] Push successful
2026-02-09T03:00:02 [GIT] Push successful
2026-02-09T03:30:02 [GIT] Push successful
2026-02-09T04:00:02 [GIT] Push successful
2026-02-09T04:30:02 [GIT] Push successful
2026-02-09T05:00:01 [GIT] Push successful
2026-02-09T05:30:02 [GIT] Push successful
2026-02-09T06:00:03 [GIT] Push successful
2026-02-09T06:30:02 [GIT] Push successful
2026-02-09T07:00:02 [GIT] Push successful
2026-02-09T07:11:34 SQLite weather logger started
2026-02-09T07:11:34 [DB] Old data purged
2026-02-09T07:19:16 SQLite weather logger started
2026-02-09T07:19:16 [DB] Old data purged
2026-02-09T07:30:00 [CSV WEEKLY] Updated (5962 rows)
2026-02-09T07:30:00 [CSV WEEKLY] Updated (5962 rows)
2026-02-09T07:30:03 [GIT ERROR] Command '['git', '-C', '/home/akara/GitRepos/RPi_Compact-Weather-Station', 'push']' returned non-zero exit status 1.
2026-02-09T07:30:03 [GIT] Push successful
2026-02-09T08:00:01 [CSV WEEKLY] Updated (6021 rows)
2026-02-09T08:00:01 [CSV WEEKLY] Updated (6021 rows)
2026-02-09T08:00:01 [GIT ERROR] Command '['git', '-C', '/home/akara/GitRepos/RPi_Compact-Weather-Station', 'add', '.']' returned non-zero exit status 128.
2026-02-09T08:00:02 [GIT] Push successful
2026-02-09T08:30:00 [CSV WEEKLY] Updated (6066 rows)
2026-02-09T08:30:02 [GIT] Push successful
2026-02-09T09:00:00 [CSV WEEKLY] Updated (6096 rows)
2026-02-09T09:00:04 [GIT] Push successful
2026-02-09T09:30:00 [CSV WEEKLY] Updated (6126 rows)
2026-02-09T09:30:02 [GIT] Push successful
2026-02-09T10:00:00 [CSV WEEKLY] Updated (6155 rows)
2026-02-09T10:00:02 [GIT] Push successful
2026-02-09T10:30:00 [CSV WEEKLY] Updated (6185 rows)
2026-02-09T10:30:02 [GIT] Push successful
2026-02-09T11:00:01 [CSV WEEKLY] Updated (6215 rows)
2026-02-09T11:00:02 [GIT] Push successful
2026-02-09T11:30:00 [CSV WEEKLY] Updated (6245 rows)
2026-02-09T11:30:02 [GIT] Push successful
2026-02-09T12:00:00 [CSV WEEKLY] Updated (6275 rows)
2026-02-09T12:00:02 [GIT] Push successful
2026-02-09T12:30:00 [CSV WEEKLY] Updated (6304 rows)
2026-02-09T12:30:02 [GIT] Push successful
2026-02-09T13:00:00 [CSV WEEKLY] Updated (6334 rows)
2026-02-09T13:00:02 [GIT] Push successful
2026-02-09T13:30:00 [CSV WEEKLY] Updated (6364 rows)
2026-02-09T13:30:02 [GIT] Push successful
2026-02-09T14:00:00 [CSV WEEKLY] Updated (6394 rows)
2026-02-09T14:00:02 [GIT] Push successful
2026-02-09T14:30:00 [CSV WEEKLY] Updated (6424 rows)
2026-02-09T14:30:02 [GIT] Push successful
2026-02-09T15:00:00 [CSV WEEKLY] Updated (6454 rows)
2026-02-09T15:00:03 [GIT] Push successful
2026-02-09T15:30:00 [CSV WEEKLY] Updated (6484 rows)
2026-02-09T15:30:02 [GIT] Push successful
2026-02-09T16:00:00 [CSV WEEKLY] Updated (6514 rows)
2026-02-09T16:00:02 [GIT] Push successful
2026-02-09T16:30:00 [CSV WEEKLY] Updated (6544 rows)
2026-02-09T16:30:02 [GIT] Push successful
2026-02-09T17:00:00 [CSV WEEKLY] Updated (6574 rows)
2026-02-09T17:00:02 [GIT] Push successful
2026-02-09T17:30:00 [CSV WEEKLY] Updated (6604 rows)
2026-02-09T17:30:03 [GIT] Push successful
2026-02-09T18:00:00 [CSV WEEKLY] Updated (6633 rows)
2026-02-09T18:00:02 [GIT] Push successful
2026-02-09T18:30:01 [CSV WEEKLY] Updated (6663 rows)
2026-02-09T18:30:03 [GIT] Push successful
2026-02-09T19:00:00 [CSV WEEKLY] Updated (6693 rows)
2026-02-09T19:00:02 [GIT] Push successful
2026-02-09T19:30:00 [CSV WEEKLY] Updated (6723 rows)
2026-02-09T19:30:02 [GIT] Push successful
2026-02-09T20:00:01 [CSV WEEKLY] Updated (6753 rows)
2026-02-09T20:00:03 [GIT] Push successful
2026-02-09T20:30:00 [CSV WEEKLY] Updated (6783 rows)
2026-02-09T20:30:02 [GIT] Push successful
2026-02-09T21:00:00 [CSV WEEKLY] Updated (6813 rows)
2026-02-09T21:00:02 [GIT] Push successful
2026-02-09T21:30:00 [CSV WEEKLY] Updated (6843 rows)
2026-02-09T21:30:02 [GIT] Push successful
2026-02-09T22:00:00 [CSV WEEKLY] Updated (6873 rows)
2026-02-09T22:00:02 [GIT] Push successful
2026-02-09T22:30:00 [CSV WEEKLY] Updated (6903 rows)
2026-02-09T22:30:02 [GIT] Push successful
2026-02-09T23:00:00 [CSV WEEKLY] Updated (6933 rows)
2026-02-09T23:00:02 [GIT] Push successful
2026-02-09T23:30:01 [CSV WEEKLY] Updated (6963 rows)
2026-02-09T23:30:02 [GIT] Push successful
2026-02-10T00:00:00 [DB] Old data purged
2026-02-10T00:00:00 [CSV WEEKLY] Updated (6993 rows)
2026-02-10T00:00:02 [GIT] Push successful
2026-02-10T00:30:00 [CSV WEEKLY] Updated (7023 rows)
2026-02-10T00:30:02 [GIT] Push successful
2026-02-10T01:00:00 [CSV WEEKLY] Updated (7053 rows)
