2026-04-22T20:48:01 [INFO] SQLite weather logger started
2026-04-22T20:48:01 [INFO] Purged readings older than 365 days
2026-04-22T20:48:08 [INFO] SQLite weather logger started
2026-04-22T20:48:08 [INFO] Purged readings older than 365 days
2026-04-22T20:53:09 [INFO] Flushed 5 row(s) to DB
2026-04-22T20:58:10 [INFO] Flushed 5 row(s) to DB
2026-04-22T21:00:05 [INFO] JSON export written to /home/akara/GitRepos/Pi-CWS/docs/data/weather-data.json
2026-04-22T21:00:05 [ALERT] Git error: Command '['git', '-C', '/home/akara/GitRepos/Pi-CWS', 'commit', '-m', 'Weather update 2026-04-22 21:00']' returned non-zero exit status 1.
2026-04-22T21:03:11 [INFO] Flushed 5 row(s) to DB
2026-04-22T21:08:11 [INFO] Flushed 5 row(s) to DB
2026-04-22T21:13:12 [INFO] Flushed 5 row(s) to DB
2026-04-22T21:18:13 [INFO] Flushed 5 row(s) to DB
2026-04-22T21:23:13 [INFO] Flushed 5 row(s) to DB
2026-04-22T21:28:14 [INFO] Flushed 5 row(s) to DB
2026-04-22T21:30:03 [INFO] JSON export written to /home/akara/GitRepos/Pi-CWS/docs/data/weather-data.json
2026-04-22T21:30:03 [ALERT] Git error: Command '['git', '-C', '/home/akara/GitRepos/Pi-CWS', 'commit', '-m', 'Weather update 2026-04-22 21:30']' returned non-zero exit status 1.
2026-04-22T21:33:15 [INFO] Flushed 5 row(s) to DB
2026-04-22T21:38:16 [INFO] Flushed 5 row(s) to DB
2026-04-22T21:43:16 [INFO] Flushed 5 row(s) to DB
2026-04-22T21:48:17 [INFO] Flushed 5 row(s) to DB
2026-04-22T21:53:18 [INFO] Flushed 5 row(s) to DB
2026-04-22T21:58:18 [INFO] Flushed 5 row(s) to DB
2026-04-22T22:00:02 [INFO] JSON export written to /home/akara/GitRepos/Pi-CWS/docs/data/weather-data.json
2026-04-22T22:00:03 [ALERT] Git error: Command '['git', '-C', '/home/akara/GitRepos/Pi-CWS', 'commit', '-m', 'Weather update 2026-04-22 22:00']' returned non-zero exit status 1.
2026-04-22T22:03:19 [INFO] Flushed 5 row(s) to DB
2026-04-22T22:08:20 [INFO] Flushed 5 row(s) to DB
2026-04-22T22:13:21 [INFO] Flushed 5 row(s) to DB
2026-04-22T22:18:21 [INFO] Flushed 5 row(s) to DB
2026-04-22T22:23:22 [INFO] Flushed 5 row(s) to DB
2026-04-22T22:28:23 [INFO] Flushed 5 row(s) to DB
2026-04-22T22:30:03 [INFO] JSON export written to /home/akara/GitRepos/Pi-CWS/docs/data/weather-data.json
2026-04-22T22:30:03 [ALERT] Git error: Command '['git', '-C', '/home/akara/GitRepos/Pi-CWS', 'commit', '-m', 'Weather update 2026-04-22 22:30']' returned non-zero exit status 1.
2026-04-22T22:33:23 [INFO] Flushed 5 row(s) to DB
2026-04-22T22:38:24 [INFO] Flushed 5 row(s) to DB
2026-04-22T22:43:25 [INFO] Flushed 5 row(s) to DB
2026-04-22T22:48:25 [INFO] Flushed 5 row(s) to DB
2026-04-22T22:53:26 [INFO] Flushed 5 row(s) to DB
2026-04-22T22:58:27 [INFO] Flushed 5 row(s) to DB
2026-04-22T23:00:03 [INFO] JSON export written to /home/akara/GitRepos/Pi-CWS/docs/data/weather-data.json
2026-04-22T23:00:03 [ALERT] Git error: Command '['git', '-C', '/home/akara/GitRepos/Pi-CWS', 'commit', '-m', 'Weather update 2026-04-22 23:00']' returned non-zero exit status 1.
2026-04-22T23:03:27 [INFO] Flushed 5 row(s) to DB
2026-04-22T23:08:28 [INFO] Flushed 5 row(s) to DB
2026-04-22T23:13:29 [INFO] Flushed 5 row(s) to DB
2026-04-22T23:18:30 [INFO] Flushed 5 row(s) to DB
2026-04-22T23:23:30 [INFO] Flushed 5 row(s) to DB
2026-04-22T23:28:31 [INFO] Flushed 5 row(s) to DB
2026-04-22T23:30:03 [INFO] JSON export written to /home/akara/GitRepos/Pi-CWS/docs/data/weather-data.json
2026-04-22T23:30:03 [ALERT] Git error: Command '['git', '-C', '/home/akara/GitRepos/Pi-CWS', 'commit', '-m', 'Weather update 2026-04-22 23:30']' returned non-zero exit status 1.
2026-04-22T23:33:32 [INFO] Flushed 5 row(s) to DB
2026-04-22T23:38:32 [INFO] Flushed 5 row(s) to DB
2026-04-22T23:43:33 [INFO] Flushed 5 row(s) to DB
2026-04-22T23:48:34 [INFO] Flushed 5 row(s) to DB
2026-04-22T23:53:34 [INFO] Flushed 5 row(s) to DB
2026-04-22T23:58:35 [INFO] Flushed 5 row(s) to DB
2026-04-23T00:00:00 [INFO] Purged readings older than 365 days
2026-04-23T00:00:03 [INFO] JSON export written to /home/akara/GitRepos/Pi-CWS/docs/data/weather-data.json
2026-04-23T00:00:03 [ALERT] Git error: Command '['git', '-C', '/home/akara/GitRepos/Pi-CWS', 'commit', '-m', 'Weather update 2026-04-23 00:00']' returned non-zero exit status 1.
2026-04-23T00:03:36 [INFO] Flushed 5 row(s) to DB
2026-04-23T00:08:37 [INFO] Flushed 5 row(s) to DB
2026-04-23T00:13:37 [INFO] Flushed 5 row(s) to DB
2026-04-23T00:18:38 [INFO] Flushed 5 row(s) to DB
2026-04-23T00:23:39 [INFO] Flushed 5 row(s) to DB
2026-04-23T00:28:39 [INFO] Flushed 5 row(s) to DB
2026-04-23T00:30:03 [INFO] JSON export written to /home/akara/GitRepos/Pi-CWS/docs/data/weather-data.json
2026-04-23T00:30:03 [ALERT] Git error: Command '['git', '-C', '/home/akara/GitRepos/Pi-CWS', 'commit', '-m', 'Weather update 2026-04-23 00:30']' returned non-zero exit status 1.
2026-04-23T00:33:40 [INFO] Flushed 5 row(s) to DB
2026-04-23T00:38:41 [INFO] Flushed 5 row(s) to DB
2026-04-23T00:43:41 [INFO] Flushed 5 row(s) to DB
2026-04-23T00:48:42 [INFO] Flushed 5 row(s) to DB
2026-04-23T00:53:43 [INFO] Flushed 5 row(s) to DB
2026-04-23T00:58:43 [INFO] Flushed 5 row(s) to DB
2026-04-23T01:00:02 [INFO] JSON export written to /home/akara/GitRepos/Pi-CWS/docs/data/weather-data.json
2026-04-23T01:00:03 [ALERT] Git error: Command '['git', '-C', '/home/akara/GitRepos/Pi-CWS', 'commit', '-m', 'Weather update 2026-04-23 01:00']' returned non-zero exit status 1.
2026-04-23T01:03:44 [INFO] Flushed 5 row(s) to DB
2026-04-23T01:08:45 [INFO] Flushed 5 row(s) to DB
2026-04-23T01:13:46 [INFO] Flushed 5 row(s) to DB
2026-04-23T01:18:46 [INFO] Flushed 5 row(s) to DB
2026-04-23T01:23:47 [INFO] Flushed 5 row(s) to DB
2026-04-23T01:28:48 [INFO] Flushed 5 row(s) to DB
2026-04-23T01:30:03 [INFO] JSON export written to /home/akara/GitRepos/Pi-CWS/docs/data/weather-data.json
2026-04-23T01:30:03 [ALERT] Git error: Command '['git', '-C', '/home/akara/GitRepos/Pi-CWS', 'commit', '-m', 'Weather update 2026-04-23 01:30']' returned non-zero exit status 1.
2026-04-23T01:33:48 [INFO] Flushed 5 row(s) to DB
2026-04-23T01:38:49 [INFO] Flushed 5 row(s) to DB
2026-04-23T01:43:50 [INFO] Flushed 5 row(s) to DB
2026-04-23T01:48:50 [INFO] Flushed 5 row(s) to DB
2026-04-23T01:53:51 [INFO] Flushed 5 row(s) to DB
2026-04-23T01:58:52 [INFO] Flushed 5 row(s) to DB
2026-04-23T02:00:03 [INFO] JSON export written to /home/akara/GitRepos/Pi-CWS/docs/data/weather-data.json
2026-04-23T02:00:03 [ALERT] Git error: Command '['git', '-C', '/home/akara/GitRepos/Pi-CWS', 'commit', '-m', 'Weather update 2026-04-23 02:00']' returned non-zero exit status 1.
2026-04-23T02:03:53 [INFO] Flushed 5 row(s) to DB
2026-04-23T02:08:53 [INFO] Flushed 5 row(s) to DB
2026-04-23T02:13:54 [INFO] Flushed 5 row(s) to DB
2026-04-23T02:18:55 [INFO] Flushed 5 row(s) to DB
2026-04-23T02:23:55 [INFO] Flushed 5 row(s) to DB
2026-04-23T02:28:56 [INFO] Flushed 5 row(s) to DB
2026-04-23T02:30:03 [INFO] JSON export written to /home/akara/GitRepos/Pi-CWS/docs/data/weather-data.json
2026-04-23T02:30:03 [ALERT] Git error: Command '['git', '-C', '/home/akara/GitRepos/Pi-CWS', 'commit', '-m', 'Weather update 2026-04-23 02:30']' returned non-zero exit status 1.
2026-04-23T02:33:57 [INFO] Flushed 5 row(s) to DB
2026-04-23T02:38:57 [INFO] Flushed 5 row(s) to DB
2026-04-23T02:43:58 [INFO] Flushed 5 row(s) to DB
2026-04-23T02:48:59 [INFO] Flushed 5 row(s) to DB
2026-04-23T02:54:00 [INFO] Flushed 5 row(s) to DB
2026-04-23T02:59:00 [INFO] Flushed 5 row(s) to DB
2026-04-23T03:00:03 [INFO] JSON export written to /home/akara/GitRepos/Pi-CWS/docs/data/weather-data.json
2026-04-23T03:00:03 [ALERT] Git error: Command '['git', '-C', '/home/akara/GitRepos/Pi-CWS', 'commit', '-m', 'Weather update 2026-04-23 03:00']' returned non-zero exit status 1.
2026-04-23T03:04:01 [INFO] Flushed 5 row(s) to DB
2026-04-23T03:09:02 [INFO] Flushed 5 row(s) to DB
2026-04-23T03:14:02 [INFO] Flushed 5 row(s) to DB
2026-04-23T03:19:03 [INFO] Flushed 5 row(s) to DB
2026-04-23T03:24:04 [INFO] Flushed 5 row(s) to DB
2026-04-23T03:29:04 [INFO] Flushed 5 row(s) to DB
2026-04-23T03:30:03 [INFO] JSON export written to /home/akara/GitRepos/Pi-CWS/docs/data/weather-data.json
2026-04-23T03:30:03 [ALERT] Git error: Command '['git', '-C', '/home/akara/GitRepos/Pi-CWS', 'commit', '-m', 'Weather update 2026-04-23 03:30']' returned non-zero exit status 1.
2026-04-23T03:34:05 [INFO] Flushed 5 row(s) to DB
2026-04-23T03:39:06 [INFO] Flushed 5 row(s) to DB
2026-04-23T03:44:06 [INFO] Flushed 5 row(s) to DB
2026-04-23T03:49:07 [INFO] Flushed 5 row(s) to DB
2026-04-23T03:54:08 [INFO] Flushed 5 row(s) to DB
2026-04-23T03:59:09 [INFO] Flushed 5 row(s) to DB
2026-04-23T04:00:02 [INFO] JSON export written to /home/akara/GitRepos/Pi-CWS/docs/data/weather-data.json
2026-04-23T04:00:03 [ALERT] Git error: Command '['git', '-C', '/home/akara/GitRepos/Pi-CWS', 'commit', '-m', 'Weather update 2026-04-23 04:00']' returned non-zero exit status 1.
2026-04-23T04:04:09 [INFO] Flushed 5 row(s) to DB
2026-04-23T04:09:10 [INFO] Flushed 5 row(s) to DB
2026-04-23T04:14:11 [INFO] Flushed 5 row(s) to DB
2026-04-23T04:19:11 [INFO] Flushed 5 row(s) to DB
2026-04-23T04:24:12 [INFO] Flushed 5 row(s) to DB
2026-04-23T04:29:13 [INFO] Flushed 5 row(s) to DB
2026-04-23T04:30:03 [INFO] JSON export written to /home/akara/GitRepos/Pi-CWS/docs/data/weather-data.json
2026-04-23T04:30:03 [ALERT] Git error: Command '['git', '-C', '/home/akara/GitRepos/Pi-CWS', 'commit', '-m', 'Weather update 2026-04-23 04:30']' returned non-zero exit status 1.
2026-04-23T04:34:14 [INFO] Flushed 5 row(s) to DB
2026-04-23T04:39:14 [INFO] Flushed 5 row(s) to DB
2026-04-23T04:44:15 [INFO] Flushed 5 row(s) to DB
2026-04-23T04:49:16 [INFO] Flushed 5 row(s) to DB
2026-04-23T04:54:16 [INFO] Flushed 5 row(s) to DB
2026-04-23T04:59:17 [INFO] Flushed 5 row(s) to DB
2026-04-23T05:00:03 [INFO] JSON export written to /home/akara/GitRepos/Pi-CWS/docs/data/weather-data.json
2026-04-23T05:00:03 [ALERT] Git error: Command '['git', '-C', '/home/akara/GitRepos/Pi-CWS', 'commit', '-m', 'Weather update 2026-04-23 05:00']' returned non-zero exit status 1.
2026-04-23T05:04:18 [INFO] Flushed 5 row(s) to DB
2026-04-23T05:09:18 [INFO] Flushed 5 row(s) to DB
2026-04-23T05:14:19 [INFO] Flushed 5 row(s) to DB
2026-04-23T05:19:20 [INFO] Flushed 5 row(s) to DB
2026-04-23T05:24:21 [INFO] Flushed 5 row(s) to DB
2026-04-23T05:29:21 [INFO] Flushed 5 row(s) to DB
2026-04-23T05:30:03 [INFO] JSON export written to /home/akara/GitRepos/Pi-CWS/docs/data/weather-data.json
2026-04-23T05:30:03 [ALERT] Git error: Command '['git', '-C', '/home/akara/GitRepos/Pi-CWS', 'commit', '-m', 'Weather update 2026-04-23 05:30']' returned non-zero exit status 1.
2026-04-23T05:34:22 [INFO] Flushed 5 row(s) to DB
2026-04-23T05:39:23 [INFO] Flushed 5 row(s) to DB
2026-04-23T05:44:23 [INFO] Flushed 5 row(s) to DB
2026-04-23T05:49:24 [INFO] Flushed 5 row(s) to DB
2026-04-23T05:54:25 [INFO] Flushed 5 row(s) to DB
2026-04-23T05:59:25 [INFO] Flushed 5 row(s) to DB
2026-04-23T06:00:04 [INFO] JSON export written to /home/akara/GitRepos/Pi-CWS/docs/data/weather-data.json
2026-04-23T06:00:05 [ALERT] Git error: Command '['git', '-C', '/home/akara/GitRepos/Pi-CWS', 'commit', '-m', 'Weather update 2026-04-23 06:00']' returned non-zero exit status 1.
2026-04-23T06:04:26 [INFO] Flushed 5 row(s) to DB
2026-04-23T06:09:27 [INFO] Flushed 5 row(s) to DB
2026-04-23T06:14:28 [INFO] Flushed 5 row(s) to DB
2026-04-23T06:19:28 [INFO] Flushed 5 row(s) to DB
2026-04-23T06:24:29 [INFO] Flushed 5 row(s) to DB
2026-04-23T06:29:30 [INFO] Flushed 5 row(s) to DB
2026-04-23T06:30:03 [INFO] JSON export written to /home/akara/GitRepos/Pi-CWS/docs/data/weather-data.json
2026-04-23T06:30:03 [ALERT] Git error: Command '['git', '-C', '/home/akara/GitRepos/Pi-CWS', 'commit', '-m', 'Weather update 2026-04-23 06:30']' returned non-zero exit status 1.
2026-04-23T06:34:30 [INFO] Flushed 5 row(s) to DB
2026-04-23T06:39:31 [INFO] Flushed 5 row(s) to DB
2026-04-23T06:44:32 [INFO] Flushed 5 row(s) to DB
2026-04-23T06:49:32 [INFO] Flushed 5 row(s) to DB
2026-04-23T06:54:33 [INFO] Flushed 5 row(s) to DB
2026-04-23T06:59:34 [INFO] Flushed 5 row(s) to DB
2026-04-23T07:00:03 [INFO] JSON export written to /home/akara/GitRepos/Pi-CWS/docs/data/weather-data.json
2026-04-23T07:00:03 [ALERT] Git error: Command '['git', '-C', '/home/akara/GitRepos/Pi-CWS', 'commit', '-m', 'Weather update 2026-04-23 07:00']' returned non-zero exit status 1.
2026-04-23T07:04:35 [INFO] Flushed 5 row(s) to DB
2026-04-23T07:09:35 [INFO] Flushed 5 row(s) to DB
2026-04-23T07:14:36 [INFO] Flushed 5 row(s) to DB
2026-04-23T07:19:37 [INFO] Flushed 5 row(s) to DB
2026-04-23T07:24:37 [INFO] Flushed 5 row(s) to DB
2026-04-23T07:29:38 [INFO] Flushed 5 row(s) to DB
2026-04-23T07:30:03 [INFO] JSON export written to /home/akara/GitRepos/Pi-CWS/docs/data/weather-data.json
2026-04-23T07:30:03 [ALERT] Git error: Command '['git', '-C', '/home/akara/GitRepos/Pi-CWS', 'commit', '-m', 'Weather update 2026-04-23 07:30']' returned non-zero exit status 1.
2026-04-23T07:34:39 [INFO] Flushed 5 row(s) to DB
2026-04-23T07:39:39 [INFO] Flushed 5 row(s) to DB
2026-04-23T07:44:40 [INFO] Flushed 5 row(s) to DB
2026-04-23T07:49:41 [INFO] Flushed 5 row(s) to DB
2026-04-23T07:54:41 [INFO] Flushed 5 row(s) to DB
2026-04-23T07:59:42 [INFO] Flushed 5 row(s) to DB
2026-04-23T08:00:03 [INFO] JSON export written to /home/akara/GitRepos/Pi-CWS/docs/data/weather-data.json
2026-04-23T08:00:03 [ALERT] Git error: Command '['git', '-C', '/home/akara/GitRepos/Pi-CWS', 'commit', '-m', 'Weather update 2026-04-23 08:00']' returned non-zero exit status 1.
2026-04-23T08:04:43 [INFO] Flushed 5 row(s) to DB
2026-04-23T08:09:44 [INFO] Flushed 5 row(s) to DB
2026-04-23T08:14:44 [INFO] Flushed 5 row(s) to DB
2026-04-23T08:19:45 [INFO] Flushed 5 row(s) to DB
2026-04-23T08:24:46 [INFO] Flushed 5 row(s) to DB
2026-04-23T08:29:46 [INFO] Flushed 5 row(s) to DB
2026-04-23T08:30:03 [INFO] JSON export written to /home/akara/GitRepos/Pi-CWS/docs/data/weather-data.json
2026-04-23T08:30:03 [ALERT] Git error: Command '['git', '-C', '/home/akara/GitRepos/Pi-CWS', 'commit', '-m', 'Weather update 2026-04-23 08:30']' returned non-zero exit status 1.
2026-04-23T08:34:47 [INFO] Flushed 5 row(s) to DB
2026-04-23T08:39:48 [INFO] Flushed 5 row(s) to DB
2026-04-23T08:44:48 [INFO] Flushed 5 row(s) to DB
2026-04-23T08:49:49 [INFO] Flushed 5 row(s) to DB
2026-04-23T08:54:50 [INFO] Flushed 5 row(s) to DB
2026-04-23T08:59:50 [INFO] Flushed 5 row(s) to DB
2026-04-23T09:00:03 [INFO] JSON export written to /home/akara/GitRepos/Pi-CWS/docs/data/weather-data.json
2026-04-23T09:00:03 [ALERT] Git error: Command '['git', '-C', '/home/akara/GitRepos/Pi-CWS', 'commit', '-m', 'Weather update 2026-04-23 09:00']' returned non-zero exit status 1.
2026-04-23T09:04:51 [INFO] Flushed 5 row(s) to DB
2026-04-23T09:09:52 [INFO] Flushed 5 row(s) to DB
2026-04-23T09:14:53 [INFO] Flushed 5 row(s) to DB
2026-04-23T09:19:53 [INFO] Flushed 5 row(s) to DB
2026-04-23T09:24:54 [INFO] Flushed 5 row(s) to DB
2026-04-23T09:29:55 [INFO] Flushed 5 row(s) to DB
2026-04-23T09:30:02 [INFO] JSON export written to /home/akara/GitRepos/Pi-CWS/docs/data/weather-data.json
2026-04-23T09:30:03 [ALERT] Git error: Command '['git', '-C', '/home/akara/GitRepos/Pi-CWS', 'commit', '-m', 'Weather update 2026-04-23 09:30']' returned non-zero exit status 1.
2026-04-23T09:34:55 [INFO] Flushed 5 row(s) to DB
2026-04-23T09:39:56 [INFO] Flushed 5 row(s) to DB
2026-04-23T09:44:57 [INFO] Flushed 5 row(s) to DB
2026-04-23T09:49:57 [INFO] Flushed 5 row(s) to DB
2026-04-23T09:54:58 [INFO] Flushed 5 row(s) to DB
2026-04-23T09:59:59 [INFO] Flushed 5 row(s) to DB
2026-04-23T10:00:03 [INFO] JSON export written to /home/akara/GitRepos/Pi-CWS/docs/data/weather-data.json
2026-04-23T10:00:03 [ALERT] Git error: Command '['git', '-C', '/home/akara/GitRepos/Pi-CWS', 'commit', '-m', 'Weather update 2026-04-23 10:00']' returned non-zero exit status 1.
2026-04-23T10:04:59 [INFO] Flushed 5 row(s) to DB
2026-04-23T10:10:00 [INFO] Flushed 5 row(s) to DB
2026-04-23T10:15:01 [INFO] Flushed 5 row(s) to DB
2026-04-23T10:20:01 [INFO] Flushed 5 row(s) to DB
2026-04-23T10:25:02 [INFO] Flushed 5 row(s) to DB
2026-04-23T10:30:03 [INFO] JSON export written to /home/akara/GitRepos/Pi-CWS/docs/data/weather-data.json
2026-04-23T10:30:03 [ALERT] Git error: Command '['git', '-C', '/home/akara/GitRepos/Pi-CWS', 'commit', '-m', 'Weather update 2026-04-23 10:30']' returned non-zero exit status 1.
2026-04-23T10:30:04 [INFO] Flushed 5 row(s) to DB
2026-04-23T10:35:05 [INFO] Flushed 5 row(s) to DB
2026-04-23T10:40:05 [INFO] Flushed 5 row(s) to DB
2026-04-23T10:45:06 [INFO] Flushed 5 row(s) to DB
2026-04-23T10:50:07 [INFO] Flushed 5 row(s) to DB
2026-04-23T10:55:07 [INFO] Flushed 5 row(s) to DB
2026-04-23T11:00:03 [INFO] JSON export written to /home/akara/GitRepos/Pi-CWS/docs/data/weather-data.json
2026-04-23T11:00:03 [ALERT] Git error: Command '['git', '-C', '/home/akara/GitRepos/Pi-CWS', 'commit', '-m', 'Weather update 2026-04-23 11:00']' returned non-zero exit status 1.
2026-04-23T11:00:08 [INFO] Flushed 5 row(s) to DB
2026-04-23T11:05:09 [INFO] Flushed 5 row(s) to DB
2026-04-23T11:10:10 [INFO] Flushed 5 row(s) to DB
2026-04-23T11:15:10 [INFO] Flushed 5 row(s) to DB
2026-04-23T11:20:11 [INFO] Flushed 5 row(s) to DB
2026-04-23T11:25:12 [INFO] Flushed 5 row(s) to DB
2026-04-23T11:30:03 [INFO] JSON export written to /home/akara/GitRepos/Pi-CWS/docs/data/weather-data.json
2026-04-23T11:30:03 [ALERT] Git error: Command '['git', '-C', '/home/akara/GitRepos/Pi-CWS', 'commit', '-m', 'Weather update 2026-04-23 11:30']' returned non-zero exit status 1.
2026-04-23T11:30:13 [INFO] Flushed 5 row(s) to DB
2026-04-23T11:35:13 [INFO] Flushed 5 row(s) to DB
2026-04-23T11:40:14 [INFO] Flushed 5 row(s) to DB
2026-04-23T11:45:15 [INFO] Flushed 5 row(s) to DB
2026-04-23T11:50:15 [INFO] Flushed 5 row(s) to DB
2026-04-23T11:55:16 [INFO] Flushed 5 row(s) to DB
2026-04-23T12:00:02 [INFO] JSON export written to /home/akara/GitRepos/Pi-CWS/docs/data/weather-data.json
2026-04-23T12:00:03 [ALERT] Git error: Command '['git', '-C', '/home/akara/GitRepos/Pi-CWS', 'commit', '-m', 'Weather update 2026-04-23 12:00']' returned non-zero exit status 1.
2026-04-23T12:00:17 [INFO] Flushed 5 row(s) to DB
2026-04-23T12:05:18 [INFO] Flushed 5 row(s) to DB
2026-04-23T12:10:18 [INFO] Flushed 5 row(s) to DB
2026-04-23T12:15:19 [INFO] Flushed 5 row(s) to DB
2026-04-23T12:20:20 [INFO] Flushed 5 row(s) to DB
2026-04-23T12:25:20 [INFO] Flushed 5 row(s) to DB
2026-04-23T12:30:03 [INFO] JSON export written to /home/akara/GitRepos/Pi-CWS/docs/data/weather-data.json
2026-04-23T12:30:03 [ALERT] Git error: Command '['git', '-C', '/home/akara/GitRepos/Pi-CWS', 'commit', '-m', 'Weather update 2026-04-23 12:30']' returned non-zero exit status 1.
2026-04-23T12:30:21 [INFO] Flushed 5 row(s) to DB
2026-04-23T12:35:22 [INFO] Flushed 5 row(s) to DB
2026-04-23T12:40:23 [INFO] Flushed 5 row(s) to DB
2026-04-23T12:45:23 [INFO] Flushed 5 row(s) to DB
2026-04-23T12:50:24 [INFO] Flushed 5 row(s) to DB
2026-04-23T12:55:25 [INFO] Flushed 5 row(s) to DB
2026-04-23T13:00:03 [INFO] JSON export written to /home/akara/GitRepos/Pi-CWS/docs/data/weather-data.json
2026-04-23T13:00:03 [ALERT] Git error: Command '['git', '-C', '/home/akara/GitRepos/Pi-CWS', 'commit', '-m', 'Weather update 2026-04-23 13:00']' returned non-zero exit status 1.
2026-04-23T13:00:25 [INFO] Flushed 5 row(s) to DB
2026-04-23T13:05:26 [INFO] Flushed 5 row(s) to DB
2026-04-23T13:10:27 [INFO] Flushed 5 row(s) to DB
2026-04-23T13:15:27 [INFO] Flushed 5 row(s) to DB
2026-04-23T13:20:28 [INFO] Flushed 5 row(s) to DB
2026-04-23T13:25:29 [INFO] Flushed 5 row(s) to DB
2026-04-23T13:30:03 [INFO] JSON export written to /home/akara/GitRepos/Pi-CWS/docs/data/weather-data.json
2026-04-23T13:30:03 [ALERT] Git error: Command '['git', '-C', '/home/akara/GitRepos/Pi-CWS', 'commit', '-m', 'Weather update 2026-04-23 13:30']' returned non-zero exit status 1.
2026-04-23T13:30:30 [INFO] Flushed 5 row(s) to DB
2026-04-23T13:35:30 [INFO] Flushed 5 row(s) to DB
2026-04-23T13:40:31 [INFO] Flushed 5 row(s) to DB
2026-04-23T13:45:32 [INFO] Flushed 5 row(s) to DB
2026-04-23T13:50:32 [INFO] Flushed 5 row(s) to DB
2026-04-23T13:55:33 [INFO] Flushed 5 row(s) to DB
2026-04-23T14:00:02 [INFO] JSON export written to /home/akara/GitRepos/Pi-CWS/docs/data/weather-data.json
2026-04-23T14:00:03 [ALERT] Git error: Command '['git', '-C', '/home/akara/GitRepos/Pi-CWS', 'commit', '-m', 'Weather update 2026-04-23 14:00']' returned non-zero exit status 1.
2026-04-23T14:00:34 [INFO] Flushed 5 row(s) to DB
2026-04-23T14:05:34 [INFO] Flushed 5 row(s) to DB
2026-04-23T14:10:35 [INFO] Flushed 5 row(s) to DB
2026-04-23T14:15:36 [INFO] Flushed 5 row(s) to DB
2026-04-23T14:20:37 [INFO] Flushed 5 row(s) to DB
2026-04-23T14:25:37 [INFO] Flushed 5 row(s) to DB
2026-04-23T14:30:03 [INFO] JSON export written to /home/akara/GitRepos/Pi-CWS/docs/data/weather-data.json
2026-04-23T14:30:03 [ALERT] Git error: Command '['git', '-C', '/home/akara/GitRepos/Pi-CWS', 'commit', '-m', 'Weather update 2026-04-23 14:30']' returned non-zero exit status 1.
2026-04-23T14:30:38 [INFO] Flushed 5 row(s) to DB
2026-04-23T14:35:39 [INFO] Flushed 5 row(s) to DB
2026-04-23T14:40:39 [INFO] Flushed 5 row(s) to DB
2026-04-23T14:45:40 [INFO] Flushed 5 row(s) to DB
2026-04-23T14:50:41 [INFO] Flushed 5 row(s) to DB
2026-04-23T14:55:41 [INFO] Flushed 5 row(s) to DB
2026-04-23T15:00:03 [INFO] JSON export written to /home/akara/GitRepos/Pi-CWS/docs/data/weather-data.json
2026-04-23T15:00:03 [ALERT] Git error: Command '['git', '-C', '/home/akara/GitRepos/Pi-CWS', 'commit', '-m', 'Weather update 2026-04-23 15:00']' returned non-zero exit status 1.
2026-04-23T15:00:42 [INFO] Flushed 5 row(s) to DB
2026-04-23T15:05:43 [INFO] Flushed 5 row(s) to DB
2026-04-23T15:10:44 [INFO] Flushed 5 row(s) to DB
2026-04-23T15:15:44 [INFO] Flushed 5 row(s) to DB
2026-04-23T15:20:45 [INFO] Flushed 5 row(s) to DB
2026-04-23T15:25:46 [INFO] Flushed 5 row(s) to DB
2026-04-23T15:30:03 [INFO] JSON export written to /home/akara/GitRepos/Pi-CWS/docs/data/weather-data.json
2026-04-23T15:30:03 [ALERT] Git error: Command '['git', '-C', '/home/akara/GitRepos/Pi-CWS', 'commit', '-m', 'Weather update 2026-04-23 15:30']' returned non-zero exit status 1.
2026-04-23T15:30:46 [INFO] Flushed 5 row(s) to DB
2026-04-23T15:35:47 [INFO] Flushed 5 row(s) to DB
2026-04-23T15:40:48 [INFO] Flushed 5 row(s) to DB
2026-04-23T15:45:49 [INFO] Flushed 5 row(s) to DB
2026-04-23T15:50:49 [INFO] Flushed 5 row(s) to DB
2026-04-23T15:55:50 [INFO] Flushed 5 row(s) to DB
2026-04-23T16:00:03 [INFO] JSON export written to /home/akara/GitRepos/Pi-CWS/docs/data/weather-data.json
2026-04-23T16:00:03 [ALERT] Git error: Command '['git', '-C', '/home/akara/GitRepos/Pi-CWS', 'commit', '-m', 'Weather update 2026-04-23 16:00']' returned non-zero exit status 1.
2026-04-23T16:00:51 [INFO] Flushed 5 row(s) to DB
2026-04-23T16:05:51 [INFO] Flushed 5 row(s) to DB
2026-04-23T16:10:52 [INFO] Flushed 5 row(s) to DB
2026-04-23T16:15:53 [INFO] Flushed 5 row(s) to DB
2026-04-23T16:20:53 [INFO] Flushed 5 row(s) to DB
2026-04-23T16:25:54 [INFO] Flushed 5 row(s) to DB
2026-04-23T16:30:03 [INFO] JSON export written to /home/akara/GitRepos/Pi-CWS/docs/data/weather-data.json
2026-04-23T16:30:03 [ALERT] Git error: Command '['git', '-C', '/home/akara/GitRepos/Pi-CWS', 'commit', '-m', 'Weather update 2026-04-23 16:30']' returned non-zero exit status 1.
2026-04-23T16:30:55 [INFO] Flushed 5 row(s) to DB
2026-04-23T16:35:56 [INFO] Flushed 5 row(s) to DB
2026-04-23T16:40:56 [INFO] Flushed 5 row(s) to DB
2026-04-23T16:45:57 [INFO] Flushed 5 row(s) to DB
2026-04-23T16:50:58 [INFO] Flushed 5 row(s) to DB
2026-04-23T16:55:59 [INFO] Flushed 5 row(s) to DB
2026-04-23T17:00:03 [INFO] JSON export written to /home/akara/GitRepos/Pi-CWS/docs/data/weather-data.json
2026-04-23T17:00:03 [ALERT] Git error: Command '['git', '-C', '/home/akara/GitRepos/Pi-CWS', 'commit', '-m', 'Weather update 2026-04-23 17:00']' returned non-zero exit status 1.
2026-04-23T17:00:59 [INFO] Flushed 5 row(s) to DB
2026-04-23T17:06:00 [INFO] Flushed 5 row(s) to DB
2026-04-23T17:11:01 [INFO] Flushed 5 row(s) to DB
2026-04-23T17:16:01 [INFO] Flushed 5 row(s) to DB
2026-04-23T17:21:02 [INFO] Flushed 5 row(s) to DB
2026-04-23T17:26:03 [INFO] Flushed 5 row(s) to DB
2026-04-23T17:30:03 [INFO] JSON export written to /home/akara/GitRepos/Pi-CWS/docs/data/weather-data.json
2026-04-23T17:30:03 [ALERT] Git error: Command '['git', '-C', '/home/akara/GitRepos/Pi-CWS', 'commit', '-m', 'Weather update 2026-04-23 17:30']' returned non-zero exit status 1.
2026-04-23T17:31:03 [INFO] Flushed 4 row(s) to DB
2026-04-23T17:35:05 [INFO] Flushed 5 row(s) to DB
2026-04-23T17:40:06 [INFO] Flushed 5 row(s) to DB
2026-04-23T17:45:07 [INFO] Flushed 5 row(s) to DB
2026-04-23T17:50:07 [INFO] Flushed 5 row(s) to DB
2026-04-23T17:55:08 [INFO] Flushed 5 row(s) to DB
2026-04-23T18:00:02 [INFO] JSON export written to /home/akara/GitRepos/Pi-CWS/docs/data/weather-data.json
2026-04-23T18:00:03 [ALERT] Git error: Command '['git', '-C', '/home/akara/GitRepos/Pi-CWS', 'commit', '-m', 'Weather update 2026-04-23 18:00']' returned non-zero exit status 1.
2026-04-23T18:00:09 [INFO] Flushed 5 row(s) to DB
2026-04-23T18:05:10 [INFO] Flushed 5 row(s) to DB
2026-04-23T18:10:10 [INFO] Flushed 5 row(s) to DB
2026-04-23T18:15:11 [INFO] Flushed 5 row(s) to DB
2026-04-23T18:20:12 [INFO] Flushed 5 row(s) to DB
2026-04-23T18:25:12 [INFO] Flushed 5 row(s) to DB
2026-04-23T18:30:03 [INFO] JSON export written to /home/akara/GitRepos/Pi-CWS/docs/data/weather-data.json
2026-04-23T18:30:03 [ALERT] Git error: Command '['git', '-C', '/home/akara/GitRepos/Pi-CWS', 'commit', '-m', 'Weather update 2026-04-23 18:30']' returned non-zero exit status 1.
2026-04-23T18:30:13 [INFO] Flushed 5 row(s) to DB
2026-04-23T18:35:14 [INFO] Flushed 5 row(s) to DB
2026-04-23T18:40:15 [INFO] Flushed 5 row(s) to DB
2026-04-23T18:45:15 [INFO] Flushed 5 row(s) to DB
2026-04-23T18:50:16 [INFO] Flushed 5 row(s) to DB
2026-04-23T18:55:17 [INFO] Flushed 5 row(s) to DB
2026-04-23T19:00:03 [INFO] JSON export written to /home/akara/GitRepos/Pi-CWS/docs/data/weather-data.json
2026-04-23T19:00:03 [ALERT] Git error: Command '['git', '-C', '/home/akara/GitRepos/Pi-CWS', 'commit', '-m', 'Weather update 2026-04-23 19:00']' returned non-zero exit status 1.
2026-04-23T19:00:18 [INFO] Flushed 5 row(s) to DB
2026-04-23T19:05:18 [INFO] Flushed 5 row(s) to DB
2026-04-23T19:10:19 [INFO] Flushed 5 row(s) to DB
2026-04-23T19:15:20 [INFO] Flushed 5 row(s) to DB
2026-04-23T19:20:20 [INFO] Flushed 5 row(s) to DB
2026-04-23T19:25:21 [INFO] Flushed 5 row(s) to DB
2026-04-23T19:30:03 [INFO] JSON export written to /home/akara/GitRepos/Pi-CWS/docs/data/weather-data.json
2026-04-23T19:30:03 [ALERT] Git error: Command '['git', '-C', '/home/akara/GitRepos/Pi-CWS', 'commit', '-m', 'Weather update 2026-04-23 19:30']' returned non-zero exit status 1.
2026-04-23T19:30:22 [INFO] Flushed 5 row(s) to DB
2026-04-23T19:35:23 [INFO] Flushed 5 row(s) to DB
2026-04-23T19:40:23 [INFO] Flushed 5 row(s) to DB
2026-04-23T19:45:24 [INFO] Flushed 5 row(s) to DB
2026-04-23T19:50:25 [INFO] Flushed 5 row(s) to DB
2026-04-23T19:55:25 [INFO] Flushed 5 row(s) to DB
2026-04-23T20:00:03 [INFO] JSON export written to /home/akara/GitRepos/Pi-CWS/docs/data/weather-data.json
2026-04-23T20:00:05 [INFO] Git push successful
2026-04-23T20:00:26 [INFO] Flushed 4 row(s) to DB
2026-04-23T20:04:27 [INFO] Flushed 5 row(s) to DB
2026-04-23T20:09:28 [INFO] Flushed 5 row(s) to DB
2026-04-23T20:14:29 [INFO] Flushed 5 row(s) to DB
2026-04-23T20:19:30 [INFO] Flushed 5 row(s) to DB
2026-04-23T20:24:30 [INFO] Flushed 5 row(s) to DB
2026-04-23T20:29:31 [INFO] Flushed 5 row(s) to DB
2026-04-23T20:30:03 [INFO] JSON export written to /home/akara/GitRepos/Pi-CWS/docs/data/weather-data.json
2026-04-23T20:30:05 [INFO] Git push successful
2026-04-23T20:34:32 [INFO] Flushed 5 row(s) to DB
2026-04-23T20:39:32 [INFO] Flushed 5 row(s) to DB
2026-04-23T20:44:33 [INFO] Flushed 5 row(s) to DB
2026-04-23T20:49:34 [INFO] Flushed 5 row(s) to DB
2026-04-23T20:54:34 [INFO] Flushed 5 row(s) to DB
2026-04-23T20:59:35 [INFO] Flushed 5 row(s) to DB
2026-04-23T21:00:03 [INFO] JSON export written to /home/akara/GitRepos/Pi-CWS/docs/data/weather-data.json
2026-04-23T21:00:05 [INFO] Git push successful
2026-04-23T21:04:36 [INFO] Flushed 5 row(s) to DB
2026-04-23T21:09:37 [INFO] Flushed 5 row(s) to DB
2026-04-23T21:14:37 [INFO] Flushed 5 row(s) to DB
2026-04-23T21:19:38 [INFO] Flushed 5 row(s) to DB
2026-04-23T21:24:39 [INFO] Flushed 5 row(s) to DB
2026-04-23T21:29:40 [INFO] Flushed 5 row(s) to DB
2026-04-23T21:30:03 [INFO] JSON export written to /home/akara/GitRepos/Pi-CWS/docs/data/weather-data.json
2026-04-23T21:30:04 [INFO] Git push successful
2026-04-23T21:34:40 [INFO] Flushed 5 row(s) to DB
2026-04-23T21:39:41 [INFO] Flushed 5 row(s) to DB
2026-04-23T21:44:42 [INFO] Flushed 5 row(s) to DB
2026-04-23T21:49:42 [INFO] Flushed 5 row(s) to DB
2026-04-23T21:54:43 [INFO] Flushed 5 row(s) to DB
2026-04-23T21:59:44 [INFO] Flushed 5 row(s) to DB
2026-04-23T22:00:03 [INFO] JSON export written to /home/akara/GitRepos/Pi-CWS/docs/data/weather-data.json
2026-04-23T22:00:05 [INFO] Git push successful
2026-04-23T22:04:44 [INFO] Flushed 5 row(s) to DB
2026-04-23T22:09:45 [INFO] Flushed 5 row(s) to DB
2026-04-23T22:14:46 [INFO] Flushed 5 row(s) to DB
2026-04-23T22:19:46 [INFO] Flushed 5 row(s) to DB
2026-04-23T22:24:47 [INFO] Flushed 5 row(s) to DB
2026-04-23T22:29:48 [INFO] Flushed 5 row(s) to DB
2026-04-23T22:30:03 [INFO] JSON export written to /home/akara/GitRepos/Pi-CWS/docs/data/weather-data.json
2026-04-23T22:30:05 [INFO] Git push successful
2026-04-23T22:34:48 [INFO] Flushed 4 row(s) to DB
2026-04-23T22:38:50 [INFO] Flushed 5 row(s) to DB
2026-04-23T22:43:51 [INFO] Flushed 5 row(s) to DB
2026-04-23T22:48:51 [INFO] Flushed 5 row(s) to DB
2026-04-23T22:53:52 [INFO] Flushed 5 row(s) to DB
2026-04-23T22:58:53 [INFO] Flushed 5 row(s) to DB
2026-04-23T23:00:03 [INFO] JSON export written to /home/akara/GitRepos/Pi-CWS/docs/data/weather-data.json
2026-04-23T23:00:05 [INFO] Git push successful
2026-04-23T23:03:53 [INFO] Flushed 4 row(s) to DB
2026-04-23T23:07:55 [INFO] Flushed 5 row(s) to DB
2026-04-23T23:12:55 [INFO] Flushed 5 row(s) to DB
2026-04-23T23:17:56 [INFO] Flushed 5 row(s) to DB
2026-04-23T23:22:57 [INFO] Flushed 5 row(s) to DB
2026-04-23T23:27:58 [INFO] Flushed 5 row(s) to DB
2026-04-23T23:30:03 [INFO] JSON export written to /home/akara/GitRepos/Pi-CWS/docs/data/weather-data.json
2026-04-23T23:30:05 [INFO] Git push successful
2026-04-23T23:32:58 [INFO] Flushed 4 row(s) to DB
2026-04-23T23:37:00 [INFO] Flushed 5 row(s) to DB
2026-04-23T23:42:00 [INFO] Flushed 5 row(s) to DB
2026-04-23T23:47:01 [INFO] Flushed 5 row(s) to DB
2026-04-23T23:52:02 [INFO] Flushed 5 row(s) to DB
2026-04-23T23:57:02 [INFO] Flushed 5 row(s) to DB
2026-04-24T00:00:00 [INFO] Purged readings older than 365 days
2026-04-24T00:00:03 [INFO] JSON export written to /home/akara/GitRepos/Pi-CWS/docs/data/weather-data.json
2026-04-24T00:00:05 [INFO] Git push successful
2026-04-24T00:02:03 [INFO] Flushed 4 row(s) to DB
2026-04-24T00:06:07 [INFO] Flushed 5 row(s) to DB
2026-04-24T00:11:07 [INFO] Flushed 5 row(s) to DB
2026-04-24T00:16:08 [INFO] Flushed 5 row(s) to DB
2026-04-24T00:21:09 [INFO] Flushed 5 row(s) to DB
2026-04-24T00:26:09 [INFO] Flushed 5 row(s) to DB
2026-04-24T00:30:03 [INFO] JSON export written to /home/akara/GitRepos/Pi-CWS/docs/data/weather-data.json
2026-04-24T00:30:05 [INFO] Git push successful
2026-04-24T00:31:10 [INFO] Flushed 5 row(s) to DB
2026-04-24T00:36:11 [INFO] Flushed 5 row(s) to DB
2026-04-24T00:41:12 [INFO] Flushed 5 row(s) to DB
2026-04-24T00:46:12 [INFO] Flushed 5 row(s) to DB
2026-04-24T00:51:13 [INFO] Flushed 5 row(s) to DB
2026-04-24T00:56:14 [INFO] Flushed 5 row(s) to DB
2026-04-24T01:00:03 [INFO] JSON export written to /home/akara/GitRepos/Pi-CWS/docs/data/weather-data.json
2026-04-24T01:00:05 [INFO] Git push successful
2026-04-24T01:01:14 [INFO] Flushed 5 row(s) to DB
2026-04-24T01:06:15 [INFO] Flushed 5 row(s) to DB
2026-04-24T01:11:16 [INFO] Flushed 5 row(s) to DB
2026-04-24T01:16:16 [INFO] Flushed 5 row(s) to DB
2026-04-24T01:21:17 [INFO] Flushed 5 row(s) to DB
2026-04-24T01:26:18 [INFO] Flushed 5 row(s) to DB
2026-04-24T01:30:03 [INFO] JSON export written to /home/akara/GitRepos/Pi-CWS/docs/data/weather-data.json
2026-04-24T01:30:05 [INFO] Git push successful
2026-04-24T01:31:18 [INFO] Flushed 5 row(s) to DB
2026-04-24T01:36:19 [INFO] Flushed 5 row(s) to DB
2026-04-24T01:41:20 [INFO] Flushed 5 row(s) to DB
2026-04-24T01:46:21 [INFO] Flushed 5 row(s) to DB
2026-04-24T01:51:21 [INFO] Flushed 5 row(s) to DB
2026-04-24T01:56:22 [INFO] Flushed 5 row(s) to DB
2026-04-24T02:00:03 [INFO] JSON export written to /home/akara/GitRepos/Pi-CWS/docs/data/weather-data.json
2026-04-24T02:00:05 [INFO] Git push successful
2026-04-24T02:01:23 [INFO] Flushed 5 row(s) to DB
2026-04-24T02:06:23 [INFO] Flushed 5 row(s) to DB
2026-04-24T02:11:24 [INFO] Flushed 5 row(s) to DB
2026-04-24T02:16:25 [INFO] Flushed 5 row(s) to DB
2026-04-24T02:21:26 [INFO] Flushed 5 row(s) to DB
2026-04-24T02:26:26 [INFO] Flushed 5 row(s) to DB
2026-04-24T02:30:03 [INFO] JSON export written to /home/akara/GitRepos/Pi-CWS/docs/data/weather-data.json
2026-04-24T02:30:04 [INFO] Git push successful
2026-04-24T02:31:27 [INFO] Flushed 4 row(s) to DB
2026-04-24T02:35:28 [INFO] Flushed 5 row(s) to DB
2026-04-24T02:40:29 [INFO] Flushed 5 row(s) to DB
2026-04-24T02:45:30 [INFO] Flushed 5 row(s) to DB
2026-04-24T02:50:30 [INFO] Flushed 5 row(s) to DB
2026-04-24T02:55:31 [INFO] Flushed 5 row(s) to DB
2026-04-24T03:00:03 [INFO] JSON export written to /home/akara/GitRepos/Pi-CWS/docs/data/weather-data.json
2026-04-24T03:00:04 [INFO] Git push successful
2026-04-24T03:00:32 [INFO] Flushed 5 row(s) to DB
2026-04-24T03:05:32 [INFO] Flushed 5 row(s) to DB
2026-04-24T03:10:33 [INFO] Flushed 5 row(s) to DB
2026-04-24T03:15:34 [INFO] Flushed 5 row(s) to DB
2026-04-24T03:20:34 [INFO] Flushed 5 row(s) to DB
2026-04-24T03:25:35 [INFO] Flushed 5 row(s) to DB
2026-04-24T03:30:03 [INFO] JSON export written to /home/akara/GitRepos/Pi-CWS/docs/data/weather-data.json
2026-04-24T03:30:05 [INFO] Git push successful
2026-04-24T03:30:36 [INFO] Flushed 5 row(s) to DB
2026-04-24T03:35:36 [INFO] Flushed 5 row(s) to DB
2026-04-24T03:40:37 [INFO] Flushed 5 row(s) to DB
2026-04-24T03:45:38 [INFO] Flushed 5 row(s) to DB
2026-04-24T03:50:39 [INFO] Flushed 5 row(s) to DB
2026-04-24T03:55:39 [INFO] Flushed 5 row(s) to DB
2026-04-24T04:00:03 [INFO] JSON export written to /home/akara/GitRepos/Pi-CWS/docs/data/weather-data.json
2026-04-24T04:00:05 [INFO] Git push successful
2026-04-24T04:00:40 [INFO] Flushed 4 row(s) to DB
2026-04-24T04:04:41 [INFO] Flushed 5 row(s) to DB
2026-04-24T04:09:42 [INFO] Flushed 5 row(s) to DB
2026-04-24T04:14:43 [INFO] Flushed 5 row(s) to DB
2026-04-24T04:19:43 [INFO] Flushed 5 row(s) to DB
2026-04-24T04:24:44 [INFO] Flushed 5 row(s) to DB
2026-04-24T04:29:45 [INFO] Flushed 5 row(s) to DB
2026-04-24T04:30:03 [INFO] JSON export written to /home/akara/GitRepos/Pi-CWS/docs/data/weather-data.json
2026-04-24T04:30:05 [INFO] Git push successful
2026-04-24T04:34:46 [INFO] Flushed 5 row(s) to DB
2026-04-24T04:39:46 [INFO] Flushed 5 row(s) to DB
2026-04-24T04:44:47 [INFO] Flushed 5 row(s) to DB
2026-04-24T04:49:48 [INFO] Flushed 5 row(s) to DB
2026-04-24T04:54:48 [INFO] Flushed 5 row(s) to DB
2026-04-24T04:59:49 [INFO] Flushed 5 row(s) to DB
2026-04-24T05:00:03 [INFO] JSON export written to /home/akara/GitRepos/Pi-CWS/docs/data/weather-data.json
2026-04-24T05:00:07 [INFO] Git push successful
2026-04-24T05:04:49 [INFO] Flushed 4 row(s) to DB
2026-04-24T05:08:51 [INFO] Flushed 5 row(s) to DB
2026-04-24T05:13:52 [INFO] Flushed 5 row(s) to DB
2026-04-24T05:18:52 [INFO] Flushed 5 row(s) to DB
2026-04-24T05:23:53 [INFO] Flushed 5 row(s) to DB
2026-04-24T05:28:54 [INFO] Flushed 5 row(s) to DB
2026-04-24T05:30:03 [INFO] JSON export written to /home/akara/GitRepos/Pi-CWS/docs/data/weather-data.json
2026-04-24T05:30:05 [INFO] Git push successful
2026-04-24T05:33:55 [INFO] Flushed 5 row(s) to DB
2026-04-24T05:38:55 [INFO] Flushed 5 row(s) to DB
2026-04-24T05:43:56 [INFO] Flushed 5 row(s) to DB
2026-04-24T05:48:57 [INFO] Flushed 5 row(s) to DB
2026-04-24T05:53:57 [INFO] Flushed 5 row(s) to DB
2026-04-24T05:58:58 [INFO] Flushed 5 row(s) to DB
2026-04-24T06:00:03 [INFO] JSON export written to /home/akara/GitRepos/Pi-CWS/docs/data/weather-data.json
2026-04-24T06:00:06 [INFO] Git push successful
2026-04-24T06:03:59 [INFO] Flushed 5 row(s) to DB
2026-04-24T06:09:00 [INFO] Flushed 5 row(s) to DB
2026-04-24T06:14:00 [INFO] Flushed 5 row(s) to DB
2026-04-24T06:19:01 [INFO] Flushed 5 row(s) to DB
2026-04-24T06:24:02 [INFO] Flushed 5 row(s) to DB
2026-04-24T06:29:03 [INFO] Flushed 5 row(s) to DB
2026-04-24T06:30:03 [INFO] JSON export written to /home/akara/GitRepos/Pi-CWS/docs/data/weather-data.json
2026-04-24T06:30:05 [INFO] Git push successful
2026-04-24T06:34:03 [INFO] Flushed 4 row(s) to DB
2026-04-24T06:38:07 [INFO] Flushed 5 row(s) to DB
2026-04-24T06:43:08 [INFO] Flushed 5 row(s) to DB
2026-04-24T06:48:08 [INFO] Flushed 5 row(s) to DB
2026-04-24T06:53:09 [INFO] Flushed 5 row(s) to DB
2026-04-24T06:58:10 [INFO] Flushed 5 row(s) to DB
2026-04-24T07:00:03 [INFO] JSON export written to /home/akara/GitRepos/Pi-CWS/docs/data/weather-data.json
2026-04-24T07:00:05 [INFO] Git push successful
2026-04-24T07:03:10 [INFO] Flushed 5 row(s) to DB
2026-04-24T07:08:11 [INFO] Flushed 5 row(s) to DB
2026-04-24T07:13:12 [INFO] Flushed 5 row(s) to DB
2026-04-24T07:18:12 [INFO] Flushed 5 row(s) to DB
2026-04-24T07:23:13 [INFO] Flushed 5 row(s) to DB
2026-04-24T07:28:14 [INFO] Flushed 5 row(s) to DB
2026-04-24T07:30:03 [INFO] JSON export written to /home/akara/GitRepos/Pi-CWS/docs/data/weather-data.json
2026-04-24T07:30:05 [INFO] Git push successful
2026-04-24T07:33:15 [INFO] Flushed 5 row(s) to DB
2026-04-24T07:38:16 [INFO] Flushed 5 row(s) to DB
2026-04-24T07:43:16 [INFO] Flushed 5 row(s) to DB
2026-04-24T07:48:17 [INFO] Flushed 5 row(s) to DB
2026-04-24T07:53:18 [INFO] Flushed 5 row(s) to DB
2026-04-24T07:58:18 [INFO] Flushed 5 row(s) to DB
2026-04-24T08:00:03 [INFO] JSON export written to /home/akara/GitRepos/Pi-CWS/docs/data/weather-data.json
2026-04-24T08:00:05 [ALERT] Git error: Command '['git', '-C', '/home/akara/GitRepos/Pi-CWS', 'push']' returned non-zero exit status 1.
2026-04-24T08:03:19 [INFO] Flushed 5 row(s) to DB
2026-04-24T08:08:20 [INFO] Flushed 5 row(s) to DB
2026-04-24T08:13:21 [INFO] Flushed 5 row(s) to DB
2026-04-24T08:18:21 [INFO] Flushed 5 row(s) to DB
2026-04-24T08:23:22 [INFO] Flushed 5 row(s) to DB
2026-04-24T08:28:23 [INFO] Flushed 5 row(s) to DB
2026-04-24T08:30:03 [INFO] JSON export written to /home/akara/GitRepos/Pi-CWS/docs/data/weather-data.json
2026-04-24T08:30:05 [ALERT] Git error: Command '['git', '-C', '/home/akara/GitRepos/Pi-CWS', 'push']' returned non-zero exit status 1.
2026-04-24T08:33:23 [INFO] Flushed 5 row(s) to DB
2026-04-24T08:38:24 [INFO] Flushed 5 row(s) to DB
2026-04-24T08:43:25 [INFO] Flushed 5 row(s) to DB
2026-04-24T08:48:25 [INFO] Flushed 5 row(s) to DB
2026-04-24T08:53:26 [INFO] Flushed 5 row(s) to DB
2026-04-24T08:58:27 [INFO] Flushed 5 row(s) to DB
2026-04-24T09:00:03 [INFO] JSON export written to /home/akara/GitRepos/Pi-CWS/docs/data/weather-data.json
2026-04-24T09:00:04 [ALERT] Git error: Command '['git', '-C', '/home/akara/GitRepos/Pi-CWS', 'push']' returned non-zero exit status 1.
2026-04-24T09:03:27 [INFO] Flushed 4 row(s) to DB
2026-04-24T09:07:29 [INFO] Flushed 5 row(s) to DB
2026-04-24T09:12:29 [INFO] Flushed 5 row(s) to DB
2026-04-24T09:17:30 [INFO] Flushed 5 row(s) to DB
2026-04-24T09:22:31 [INFO] Flushed 5 row(s) to DB
2026-04-24T09:27:31 [INFO] Flushed 5 row(s) to DB
2026-04-24T09:30:03 [INFO] JSON export written to /home/akara/GitRepos/Pi-CWS/docs/data/weather-data.json
2026-04-24T09:30:04 [ALERT] Git error: Command '['git', '-C', '/home/akara/GitRepos/Pi-CWS', 'push']' returned non-zero exit status 1.
2026-04-24T09:32:32 [INFO] Flushed 5 row(s) to DB
2026-04-24T09:37:33 [INFO] Flushed 5 row(s) to DB
2026-04-24T09:42:34 [INFO] Flushed 5 row(s) to DB
2026-04-24T09:47:34 [INFO] Flushed 5 row(s) to DB
2026-04-24T09:52:35 [INFO] Flushed 5 row(s) to DB
2026-04-24T09:57:36 [INFO] Flushed 5 row(s) to DB
2026-04-24T10:00:03 [INFO] JSON export written to /home/akara/GitRepos/Pi-CWS/docs/data/weather-data.json
2026-04-24T10:00:08 [ALERT] Git error: Command '['git', '-C', '/home/akara/GitRepos/Pi-CWS', 'push']' returned non-zero exit status 1.
2026-04-24T10:02:36 [INFO] Flushed 5 row(s) to DB
2026-04-24T10:07:37 [INFO] Flushed 5 row(s) to DB
2026-04-24T10:12:38 [INFO] Flushed 5 row(s) to DB
2026-04-24T10:17:39 [INFO] Flushed 5 row(s) to DB
2026-04-24T10:22:39 [INFO] Flushed 5 row(s) to DB
2026-04-24T10:27:40 [INFO] Flushed 5 row(s) to DB
2026-04-24T10:30:03 [INFO] JSON export written to /home/akara/GitRepos/Pi-CWS/docs/data/weather-data.json
2026-04-24T10:30:05 [ALERT] Git error: Command '['git', '-C', '/home/akara/GitRepos/Pi-CWS', 'push']' returned non-zero exit status 1.
2026-04-24T10:32:41 [INFO] Flushed 5 row(s) to DB
2026-04-24T10:37:42 [INFO] Flushed 5 row(s) to DB
2026-04-24T10:42:42 [INFO] Flushed 5 row(s) to DB
2026-04-24T10:47:43 [INFO] Flushed 5 row(s) to DB
2026-04-24T10:52:44 [INFO] Flushed 5 row(s) to DB
2026-04-24T10:57:44 [INFO] Flushed 5 row(s) to DB
2026-04-24T11:00:03 [INFO] JSON export written to /home/akara/GitRepos/Pi-CWS/docs/data/weather-data.json
2026-04-24T11:00:04 [ALERT] Git error: Command '['git', '-C', '/home/akara/GitRepos/Pi-CWS', 'push']' returned non-zero exit status 1.
2026-04-24T11:02:45 [INFO] Flushed 4 row(s) to DB
2026-04-24T11:06:46 [INFO] Flushed 5 row(s) to DB
2026-04-24T11:11:47 [INFO] Flushed 5 row(s) to DB
2026-04-24T11:16:48 [INFO] Flushed 5 row(s) to DB
2026-04-24T11:21:48 [INFO] Flushed 5 row(s) to DB
2026-04-24T11:26:49 [INFO] Flushed 5 row(s) to DB
2026-04-24T11:30:03 [INFO] JSON export written to /home/akara/GitRepos/Pi-CWS/docs/data/weather-data.json
2026-04-24T11:30:04 [ALERT] Git error: Command '['git', '-C', '/home/akara/GitRepos/Pi-CWS', 'push']' returned non-zero exit status 1.
2026-04-24T11:31:49 [INFO] Flushed 4 row(s) to DB
2026-04-24T11:35:51 [INFO] Flushed 5 row(s) to DB
2026-04-24T11:40:52 [INFO] Flushed 5 row(s) to DB
2026-04-24T11:45:53 [INFO] Flushed 5 row(s) to DB
2026-04-24T11:50:53 [INFO] Flushed 5 row(s) to DB
2026-04-24T11:55:54 [INFO] Flushed 5 row(s) to DB
2026-04-24T12:00:03 [INFO] JSON export written to /home/akara/GitRepos/Pi-CWS/docs/data/weather-data.json
2026-04-24T12:00:09 [ALERT] Git error: Command '['git', '-C', '/home/akara/GitRepos/Pi-CWS', 'push']' returned non-zero exit status 1.
2026-04-24T12:00:55 [INFO] Flushed 5 row(s) to DB
2026-04-24T12:05:56 [INFO] Flushed 5 row(s) to DB
2026-04-24T12:10:56 [INFO] Flushed 5 row(s) to DB
2026-04-24T12:15:57 [INFO] Flushed 5 row(s) to DB
2026-04-24T12:20:58 [INFO] Flushed 5 row(s) to DB
2026-04-24T12:25:58 [INFO] Flushed 5 row(s) to DB
2026-04-24T12:30:03 [INFO] JSON export written to /home/akara/GitRepos/Pi-CWS/docs/data/weather-data.json
2026-04-24T12:30:04 [ALERT] Git error: Command '['git', '-C', '/home/akara/GitRepos/Pi-CWS', 'push']' returned non-zero exit status 1.
2026-04-24T12:30:58 [INFO] Flushed 4 row(s) to DB
2026-04-24T12:35:00 [INFO] Flushed 5 row(s) to DB
2026-04-24T12:40:01 [INFO] Flushed 5 row(s) to DB
2026-04-24T12:45:01 [INFO] Flushed 5 row(s) to DB
2026-04-24T12:50:02 [INFO] Flushed 5 row(s) to DB
2026-04-24T12:55:03 [INFO] Flushed 5 row(s) to DB
2026-04-24T13:00:03 [INFO] JSON export written to /home/akara/GitRepos/Pi-CWS/docs/data/weather-data.json
2026-04-24T13:00:09 [ALERT] Git error: Command '['git', '-C', '/home/akara/GitRepos/Pi-CWS', 'push']' returned non-zero exit status 1.
2026-04-24T13:00:10 [INFO] Flushed 5 row(s) to DB
2026-04-24T13:05:11 [INFO] Flushed 5 row(s) to DB
2026-04-24T13:10:12 [INFO] Flushed 5 row(s) to DB
2026-04-24T13:15:12 [INFO] Flushed 5 row(s) to DB
2026-04-24T13:20:13 [INFO] Flushed 5 row(s) to DB
2026-04-24T13:25:14 [INFO] Flushed 5 row(s) to DB
2026-04-24T13:30:03 [INFO] JSON export written to /home/akara/GitRepos/Pi-CWS/docs/data/weather-data.json
2026-04-24T13:30:05 [ALERT] Git error: Command '['git', '-C', '/home/akara/GitRepos/Pi-CWS', 'push']' returned non-zero exit status 1.
2026-04-24T13:30:14 [INFO] Flushed 4 row(s) to DB
2026-04-24T13:34:15 [INFO] Flushed 5 row(s) to DB
2026-04-24T13:39:16 [INFO] Flushed 5 row(s) to DB
2026-04-24T13:44:17 [INFO] Flushed 5 row(s) to DB
2026-04-24T13:49:18 [INFO] Flushed 5 row(s) to DB
2026-04-24T13:54:18 [INFO] Flushed 5 row(s) to DB
2026-04-24T13:59:19 [INFO] Flushed 5 row(s) to DB
2026-04-24T14:00:03 [INFO] JSON export written to /home/akara/GitRepos/Pi-CWS/docs/data/weather-data.json
2026-04-24T14:00:08 [ALERT] Git error: Command '['git', '-C', '/home/akara/GitRepos/Pi-CWS', 'push']' returned non-zero exit status 1.
2026-04-24T14:04:20 [INFO] Flushed 5 row(s) to DB
2026-04-24T14:09:21 [INFO] Flushed 5 row(s) to DB
2026-04-24T14:14:21 [INFO] Flushed 5 row(s) to DB
2026-04-24T14:19:22 [INFO] Flushed 5 row(s) to DB
2026-04-24T14:24:23 [INFO] Flushed 5 row(s) to DB
2026-04-24T14:29:24 [INFO] Flushed 5 row(s) to DB
2026-04-24T14:30:03 [INFO] JSON export written to /home/akara/GitRepos/Pi-CWS/docs/data/weather-data.json
2026-04-24T14:30:04 [ALERT] Git error: Command '['git', '-C', '/home/akara/GitRepos/Pi-CWS', 'push']' returned non-zero exit status 1.
2026-04-24T14:34:24 [INFO] Flushed 4 row(s) to DB
2026-04-24T14:38:25 [INFO] Flushed 5 row(s) to DB
2026-04-24T14:43:26 [INFO] Flushed 5 row(s) to DB
2026-04-24T14:48:27 [INFO] Flushed 5 row(s) to DB
2026-04-24T14:53:28 [INFO] Flushed 5 row(s) to DB
2026-04-24T14:58:28 [INFO] Flushed 5 row(s) to DB
2026-04-24T15:00:03 [INFO] JSON export written to /home/akara/GitRepos/Pi-CWS/docs/data/weather-data.json
2026-04-24T15:00:06 [ALERT] Git error: Command '['git', '-C', '/home/akara/GitRepos/Pi-CWS', 'push']' returned non-zero exit status 1.
2026-04-24T15:03:29 [INFO] Flushed 5 row(s) to DB
2026-04-24T15:08:30 [INFO] Flushed 5 row(s) to DB
2026-04-24T15:13:30 [INFO] Flushed 5 row(s) to DB
2026-04-24T15:18:31 [INFO] Flushed 5 row(s) to DB
2026-04-24T15:23:32 [INFO] Flushed 5 row(s) to DB
2026-04-24T15:28:33 [INFO] Flushed 5 row(s) to DB
2026-04-24T15:30:03 [INFO] JSON export written to /home/akara/GitRepos/Pi-CWS/docs/data/weather-data.json
2026-04-24T15:30:06 [ALERT] Git error: Command '['git', '-C', '/home/akara/GitRepos/Pi-CWS', 'push']' returned non-zero exit status 1.
2026-04-24T15:33:34 [INFO] Flushed 5 row(s) to DB
2026-04-24T15:38:34 [INFO] Flushed 5 row(s) to DB
2026-04-24T15:43:35 [INFO] Flushed 5 row(s) to DB
2026-04-24T15:48:36 [INFO] Flushed 5 row(s) to DB
2026-04-24T15:53:36 [INFO] Flushed 5 row(s) to DB
2026-04-24T15:58:37 [INFO] Flushed 5 row(s) to DB
2026-04-24T16:00:03 [INFO] JSON export written to /home/akara/GitRepos/Pi-CWS/docs/data/weather-data.json
2026-04-24T16:00:07 [ALERT] Git error: Command '['git', '-C', '/home/akara/GitRepos/Pi-CWS', 'push']' returned non-zero exit status 1.
2026-04-24T16:03:37 [INFO] Flushed 4 row(s) to DB
2026-04-24T16:07:39 [INFO] Flushed 5 row(s) to DB
2026-04-24T16:12:39 [INFO] Flushed 5 row(s) to DB
2026-04-24T16:17:40 [INFO] Flushed 5 row(s) to DB
2026-04-24T16:22:41 [INFO] Flushed 5 row(s) to DB
2026-04-24T16:27:42 [INFO] Flushed 5 row(s) to DB
2026-04-24T16:30:03 [INFO] JSON export written to /home/akara/GitRepos/Pi-CWS/docs/data/weather-data.json
2026-04-24T16:30:05 [ALERT] Git error: Command '['git', '-C', '/home/akara/GitRepos/Pi-CWS', 'push']' returned non-zero exit status 1.
2026-04-24T16:32:42 [INFO] Flushed 4 row(s) to DB
2026-04-24T16:36:44 [INFO] Flushed 5 row(s) to DB
2026-04-24T16:41:44 [INFO] Flushed 5 row(s) to DB
2026-04-24T16:46:45 [INFO] Flushed 5 row(s) to DB
2026-04-24T16:51:46 [INFO] Flushed 5 row(s) to DB
2026-04-24T16:56:46 [INFO] Flushed 5 row(s) to DB
2026-04-24T17:00:03 [INFO] JSON export written to /home/akara/GitRepos/Pi-CWS/docs/data/weather-data.json
2026-04-24T17:00:04 [ALERT] Git error: Command '['git', '-C', '/home/akara/GitRepos/Pi-CWS', 'push']' returned non-zero exit status 1.
2026-04-24T17:01:47 [INFO] Flushed 5 row(s) to DB
2026-04-24T17:06:48 [INFO] Flushed 5 row(s) to DB
2026-04-24T17:11:49 [INFO] Flushed 5 row(s) to DB
2026-04-24T17:16:49 [INFO] Flushed 5 row(s) to DB
2026-04-24T17:21:50 [INFO] Flushed 5 row(s) to DB
2026-04-24T17:26:51 [INFO] Flushed 5 row(s) to DB
2026-04-24T17:30:03 [INFO] JSON export written to /home/akara/GitRepos/Pi-CWS/docs/data/weather-data.json
2026-04-24T17:30:05 [ALERT] Git error: Command '['git', '-C', '/home/akara/GitRepos/Pi-CWS', 'push']' returned non-zero exit status 1.
2026-04-24T17:31:51 [INFO] Flushed 4 row(s) to DB
2026-04-24T17:35:53 [INFO] Flushed 5 row(s) to DB
2026-04-24T17:40:53 [INFO] Flushed 5 row(s) to DB
2026-04-24T17:45:54 [INFO] Flushed 5 row(s) to DB
2026-04-24T17:50:55 [INFO] Flushed 5 row(s) to DB
2026-04-24T17:55:56 [INFO] Flushed 5 row(s) to DB
2026-04-24T18:00:03 [INFO] JSON export written to /home/akara/GitRepos/Pi-CWS/docs/data/weather-data.json
2026-04-24T18:00:05 [ALERT] Git error: Command '['git', '-C', '/home/akara/GitRepos/Pi-CWS', 'push']' returned non-zero exit status 1.
2026-04-24T18:00:56 [INFO] Flushed 4 row(s) to DB
2026-04-24T18:04:57 [INFO] Flushed 5 row(s) to DB
2026-04-24T18:09:58 [INFO] Flushed 5 row(s) to DB
2026-04-24T18:14:59 [INFO] Flushed 5 row(s) to DB
2026-04-24T18:19:59 [INFO] Flushed 5 row(s) to DB
2026-04-24T18:25:00 [INFO] Flushed 5 row(s) to DB
2026-04-24T18:30:03 [INFO] JSON export written to /home/akara/GitRepos/Pi-CWS/docs/data/weather-data.json
2026-04-24T18:30:04 [ALERT] Git error: Command '['git', '-C', '/home/akara/GitRepos/Pi-CWS', 'push']' returned non-zero exit status 1.
2026-04-24T18:30:05 [INFO] Flushed 5 row(s) to DB
2026-04-24T18:35:06 [INFO] Flushed 5 row(s) to DB
2026-04-24T18:40:07 [INFO] Flushed 5 row(s) to DB
2026-04-24T18:45:07 [INFO] Flushed 5 row(s) to DB
2026-04-24T18:50:08 [INFO] Flushed 5 row(s) to DB
2026-04-24T18:55:09 [INFO] Flushed 5 row(s) to DB
2026-04-24T19:00:03 [INFO] JSON export written to /home/akara/GitRepos/Pi-CWS/docs/data/weather-data.json
2026-04-24T19:00:05 [ALERT] Git error: Command '['git', '-C', '/home/akara/GitRepos/Pi-CWS', 'push']' returned non-zero exit status 1.
2026-04-24T19:00:09 [INFO] Flushed 4 row(s) to DB
2026-04-24T19:04:11 [INFO] Flushed 5 row(s) to DB
2026-04-24T19:09:11 [INFO] Flushed 5 row(s) to DB
2026-04-24T19:14:12 [INFO] Flushed 5 row(s) to DB
2026-04-24T19:19:13 [INFO] Flushed 5 row(s) to DB
2026-04-24T19:24:13 [INFO] Flushed 5 row(s) to DB
2026-04-24T19:29:14 [INFO] Flushed 5 row(s) to DB
2026-04-24T19:30:03 [INFO] JSON export written to /home/akara/GitRepos/Pi-CWS/docs/data/weather-data.json
2026-04-24T19:30:05 [ALERT] Git error: Command '['git', '-C', '/home/akara/GitRepos/Pi-CWS', 'push']' returned non-zero exit status 1.
2026-04-24T19:34:14 [INFO] Flushed 4 row(s) to DB
2026-04-24T19:38:16 [INFO] Flushed 5 row(s) to DB
2026-04-24T19:43:17 [INFO] Flushed 5 row(s) to DB
2026-04-24T19:48:17 [INFO] Flushed 5 row(s) to DB
2026-04-24T19:53:18 [INFO] Flushed 5 row(s) to DB
2026-04-24T19:58:19 [INFO] Flushed 5 row(s) to DB
2026-04-24T20:00:03 [INFO] JSON export written to /home/akara/GitRepos/Pi-CWS/docs/data/weather-data.json
2026-04-24T20:00:04 [ALERT] Git error: Command '['git', '-C', '/home/akara/GitRepos/Pi-CWS', 'push']' returned non-zero exit status 1.
2026-04-24T20:03:19 [INFO] Flushed 4 row(s) to DB
2026-04-24T20:07:21 [INFO] Flushed 5 row(s) to DB
2026-04-24T20:12:21 [INFO] Flushed 5 row(s) to DB
2026-04-24T20:17:22 [INFO] Flushed 5 row(s) to DB
2026-04-24T20:22:23 [INFO] Flushed 5 row(s) to DB
2026-04-24T20:27:23 [INFO] Flushed 5 row(s) to DB
2026-04-24T20:30:03 [INFO] JSON export written to /home/akara/GitRepos/Pi-CWS/docs/data/weather-data.json
2026-04-24T20:30:04 [ALERT] Git error: Command '['git', '-C', '/home/akara/GitRepos/Pi-CWS', 'push']' returned non-zero exit status 1.
2026-04-24T20:32:23 [INFO] Flushed 4 row(s) to DB
2026-04-24T20:36:25 [INFO] Flushed 5 row(s) to DB
2026-04-24T20:41:26 [INFO] Flushed 5 row(s) to DB
2026-04-24T20:46:26 [INFO] Flushed 5 row(s) to DB
2026-04-24T20:51:27 [INFO] Flushed 5 row(s) to DB
2026-04-24T20:56:28 [INFO] Flushed 5 row(s) to DB
2026-04-24T21:00:03 [INFO] JSON export written to /home/akara/GitRepos/Pi-CWS/docs/data/weather-data.json
2026-04-24T21:00:05 [ALERT] Git error: Command '['git', '-C', '/home/akara/GitRepos/Pi-CWS', 'push']' returned non-zero exit status 1.
2026-04-24T21:01:29 [INFO] Flushed 5 row(s) to DB
2026-04-24T21:06:30 [INFO] Flushed 5 row(s) to DB
2026-04-24T21:11:30 [INFO] Flushed 5 row(s) to DB
2026-04-24T21:16:31 [INFO] Flushed 5 row(s) to DB
2026-04-24T21:21:32 [INFO] Flushed 5 row(s) to DB
2026-04-24T21:26:33 [INFO] Flushed 5 row(s) to DB
2026-04-24T21:30:03 [INFO] JSON export written to /home/akara/GitRepos/Pi-CWS/docs/data/weather-data.json
2026-04-24T21:30:04 [ALERT] Git error: Command '['git', '-C', '/home/akara/GitRepos/Pi-CWS', 'push']' returned non-zero exit status 1.
2026-04-24T21:31:33 [INFO] Flushed 4 row(s) to DB
2026-04-24T21:35:34 [INFO] Flushed 5 row(s) to DB
2026-04-24T21:40:35 [INFO] Flushed 5 row(s) to DB
2026-04-24T21:45:36 [INFO] Flushed 5 row(s) to DB
2026-04-24T21:50:36 [INFO] Flushed 5 row(s) to DB
2026-04-24T21:55:37 [INFO] Flushed 5 row(s) to DB
2026-04-24T22:00:03 [INFO] JSON export written to /home/akara/GitRepos/Pi-CWS/docs/data/weather-data.json
2026-04-24T22:00:04 [ALERT] Git error: Command '['git', '-C', '/home/akara/GitRepos/Pi-CWS', 'push']' returned non-zero exit status 1.
2026-04-24T22:00:37 [INFO] Flushed 4 row(s) to DB
2026-04-24T22:04:39 [INFO] Flushed 5 row(s) to DB
2026-04-24T22:09:40 [INFO] Flushed 5 row(s) to DB
2026-04-24T22:14:41 [INFO] Flushed 5 row(s) to DB
2026-04-24T22:19:41 [INFO] Flushed 5 row(s) to DB
2026-04-24T22:24:42 [INFO] Flushed 5 row(s) to DB
2026-04-24T22:29:43 [INFO] Flushed 5 row(s) to DB
2026-04-24T22:30:03 [INFO] JSON export written to /home/akara/GitRepos/Pi-CWS/docs/data/weather-data.json
2026-04-24T22:30:04 [ALERT] Git error: Command '['git', '-C', '/home/akara/GitRepos/Pi-CWS', 'push']' returned non-zero exit status 1.
2026-04-24T22:34:43 [INFO] Flushed 4 row(s) to DB
2026-04-24T22:38:44 [INFO] Flushed 5 row(s) to DB
2026-04-24T22:43:45 [INFO] Flushed 5 row(s) to DB
2026-04-24T22:48:46 [INFO] Flushed 5 row(s) to DB
2026-04-24T22:53:46 [INFO] Flushed 5 row(s) to DB
2026-04-24T22:58:47 [INFO] Flushed 5 row(s) to DB
2026-04-24T23:00:03 [INFO] JSON export written to /home/akara/GitRepos/Pi-CWS/docs/data/weather-data.json
2026-04-24T23:00:05 [ALERT] Git error: Command '['git', '-C', '/home/akara/GitRepos/Pi-CWS', 'push']' returned non-zero exit status 1.
2026-04-24T23:03:47 [INFO] Flushed 4 row(s) to DB
2026-04-24T23:07:49 [INFO] Flushed 5 row(s) to DB
2026-04-24T23:12:50 [INFO] Flushed 5 row(s) to DB
2026-04-24T23:17:51 [INFO] Flushed 5 row(s) to DB
2026-04-24T23:22:51 [INFO] Flushed 5 row(s) to DB
2026-04-24T23:27:52 [INFO] Flushed 5 row(s) to DB
2026-04-24T23:30:03 [INFO] JSON export written to /home/akara/GitRepos/Pi-CWS/docs/data/weather-data.json
2026-04-24T23:30:05 [ALERT] Git error: Command '['git', '-C', '/home/akara/GitRepos/Pi-CWS', 'push']' returned non-zero exit status 1.
2026-04-24T23:32:52 [INFO] Flushed 4 row(s) to DB
2026-04-24T23:36:54 [INFO] Flushed 5 row(s) to DB
2026-04-24T23:41:55 [INFO] Flushed 5 row(s) to DB
2026-04-24T23:46:55 [INFO] Flushed 5 row(s) to DB
2026-04-24T23:51:56 [INFO] Flushed 5 row(s) to DB
2026-04-24T23:56:57 [INFO] Flushed 5 row(s) to DB
2026-04-25T00:00:00 [INFO] Purged readings older than 365 days
2026-04-25T00:00:03 [INFO] JSON export written to /home/akara/GitRepos/Pi-CWS/docs/data/weather-data.json
2026-04-25T00:00:05 [ALERT] Git error: Command '['git', '-C', '/home/akara/GitRepos/Pi-CWS', 'push']' returned non-zero exit status 1.
2026-04-25T00:01:57 [INFO] Flushed 4 row(s) to DB
2026-04-25T00:05:59 [INFO] Flushed 5 row(s) to DB
2026-04-25T00:10:59 [INFO] Flushed 5 row(s) to DB
2026-04-25T00:16:00 [INFO] Flushed 5 row(s) to DB
2026-04-25T00:21:01 [INFO] Flushed 5 row(s) to DB
2026-04-25T00:26:01 [INFO] Flushed 5 row(s) to DB
2026-04-25T00:30:03 [INFO] JSON export written to /home/akara/GitRepos/Pi-CWS/docs/data/weather-data.json
2026-04-25T00:30:04 [ALERT] Git error: Command '['git', '-C', '/home/akara/GitRepos/Pi-CWS', 'push']' returned non-zero exit status 1.
2026-04-25T00:31:02 [INFO] Flushed 4 row(s) to DB
2026-04-25T00:35:06 [INFO] Flushed 5 row(s) to DB
2026-04-25T00:40:07 [INFO] Flushed 5 row(s) to DB
2026-04-25T00:45:08 [INFO] Flushed 5 row(s) to DB
2026-04-25T00:50:08 [INFO] Flushed 5 row(s) to DB
2026-04-25T00:55:09 [INFO] Flushed 5 row(s) to DB
2026-04-25T01:00:03 [INFO] JSON export written to /home/akara/GitRepos/Pi-CWS/docs/data/weather-data.json
2026-04-25T01:00:04 [ALERT] Git error: Command '['git', '-C', '/home/akara/GitRepos/Pi-CWS', 'push']' returned non-zero exit status 1.
2026-04-25T01:00:10 [INFO] Flushed 5 row(s) to DB
2026-04-25T01:05:11 [INFO] Flushed 5 row(s) to DB
2026-04-25T01:10:12 [INFO] Flushed 5 row(s) to DB
2026-04-25T01:15:12 [INFO] Flushed 5 row(s) to DB
2026-04-25T01:20:13 [INFO] Flushed 5 row(s) to DB
2026-04-25T01:25:14 [INFO] Flushed 5 row(s) to DB
2026-04-25T01:30:03 [INFO] JSON export written to /home/akara/GitRepos/Pi-CWS/docs/data/weather-data.json
2026-04-25T01:30:05 [ALERT] Git error: Command '['git', '-C', '/home/akara/GitRepos/Pi-CWS', 'push']' returned non-zero exit status 1.
2026-04-25T01:30:14 [INFO] Flushed 4 row(s) to DB
2026-04-25T01:34:16 [INFO] Flushed 5 row(s) to DB
2026-04-25T01:39:16 [INFO] Flushed 5 row(s) to DB
2026-04-25T01:44:17 [INFO] Flushed 5 row(s) to DB
2026-04-25T01:49:18 [INFO] Flushed 5 row(s) to DB
2026-04-25T01:54:18 [INFO] Flushed 5 row(s) to DB
2026-04-25T01:59:19 [INFO] Flushed 5 row(s) to DB
2026-04-25T02:00:03 [INFO] JSON export written to /home/akara/GitRepos/Pi-CWS/docs/data/weather-data.json
2026-04-25T02:00:06 [ALERT] Git error: Command '['git', '-C', '/home/akara/GitRepos/Pi-CWS', 'push']' returned non-zero exit status 1.
2026-04-25T02:04:19 [INFO] Flushed 4 row(s) to DB
2026-04-25T02:08:21 [INFO] Flushed 5 row(s) to DB
2026-04-25T02:13:22 [INFO] Flushed 5 row(s) to DB
2026-04-25T02:18:22 [INFO] Flushed 5 row(s) to DB
2026-04-25T02:23:23 [INFO] Flushed 5 row(s) to DB
2026-04-25T02:28:24 [INFO] Flushed 5 row(s) to DB
2026-04-25T02:30:03 [INFO] JSON export written to /home/akara/GitRepos/Pi-CWS/docs/data/weather-data.json
2026-04-25T02:30:04 [ALERT] Git error: Command '['git', '-C', '/home/akara/GitRepos/Pi-CWS', 'push']' returned non-zero exit status 1.
2026-04-25T02:33:24 [INFO] Flushed 4 row(s) to DB
2026-04-25T02:37:26 [INFO] Flushed 5 row(s) to DB
2026-04-25T02:42:26 [INFO] Flushed 5 row(s) to DB
2026-04-25T02:47:27 [INFO] Flushed 5 row(s) to DB
2026-04-25T02:52:28 [INFO] Flushed 5 row(s) to DB
2026-04-25T02:57:28 [INFO] Flushed 5 row(s) to DB
2026-04-25T03:00:03 [INFO] JSON export written to /home/akara/GitRepos/Pi-CWS/docs/data/weather-data.json
2026-04-25T03:00:04 [ALERT] Git error: Command '['git', '-C', '/home/akara/GitRepos/Pi-CWS', 'push']' returned non-zero exit status 1.
2026-04-25T03:02:29 [INFO] Flushed 4 row(s) to DB
2026-04-25T03:06:30 [INFO] Flushed 5 row(s) to DB
2026-04-25T03:11:31 [INFO] Flushed 5 row(s) to DB
2026-04-25T03:16:32 [INFO] Flushed 5 row(s) to DB
2026-04-25T03:21:32 [INFO] Flushed 5 row(s) to DB
2026-04-25T03:26:33 [INFO] Flushed 5 row(s) to DB
2026-04-25T03:30:03 [INFO] JSON export written to /home/akara/GitRepos/Pi-CWS/docs/data/weather-data.json
2026-04-25T03:30:04 [ALERT] Git error: Command '['git', '-C', '/home/akara/GitRepos/Pi-CWS', 'push']' returned non-zero exit status 1.
2026-04-25T03:31:33 [INFO] Flushed 4 row(s) to DB
2026-04-25T03:35:35 [INFO] Flushed 5 row(s) to DB
2026-04-25T03:40:36 [INFO] Flushed 5 row(s) to DB
2026-04-25T03:45:36 [INFO] Flushed 5 row(s) to DB
2026-04-25T03:50:37 [INFO] Flushed 5 row(s) to DB
2026-04-25T03:55:38 [INFO] Flushed 5 row(s) to DB
2026-04-25T04:00:03 [INFO] JSON export written to /home/akara/GitRepos/Pi-CWS/docs/data/weather-data.json
2026-04-25T04:00:05 [ALERT] Git error: Command '['git', '-C', '/home/akara/GitRepos/Pi-CWS', 'push']' returned non-zero exit status 1.
2026-04-25T04:00:38 [INFO] Flushed 4 row(s) to DB
2026-04-25T04:04:40 [INFO] Flushed 5 row(s) to DB
2026-04-25T04:09:40 [INFO] Flushed 5 row(s) to DB
2026-04-25T04:14:41 [INFO] Flushed 5 row(s) to DB
2026-04-25T04:19:42 [INFO] Flushed 5 row(s) to DB
2026-04-25T04:24:42 [INFO] Flushed 5 row(s) to DB
2026-04-25T04:29:43 [INFO] Flushed 5 row(s) to DB
2026-04-25T04:30:03 [INFO] JSON export written to /home/akara/GitRepos/Pi-CWS/docs/data/weather-data.json
2026-04-25T04:30:05 [ALERT] Git error: Command '['git', '-C', '/home/akara/GitRepos/Pi-CWS', 'push']' returned non-zero exit status 1.
2026-04-25T04:34:43 [INFO] Flushed 4 row(s) to DB
2026-04-25T04:38:45 [INFO] Flushed 5 row(s) to DB
2026-04-25T04:43:46 [INFO] Flushed 5 row(s) to DB
2026-04-25T04:48:46 [INFO] Flushed 5 row(s) to DB
2026-04-25T04:53:47 [INFO] Flushed 5 row(s) to DB
2026-04-25T04:58:48 [INFO] Flushed 5 row(s) to DB
2026-04-25T05:00:03 [INFO] JSON export written to /home/akara/GitRepos/Pi-CWS/docs/data/weather-data.json
2026-04-25T05:00:04 [ALERT] Git error: Command '['git', '-C', '/home/akara/GitRepos/Pi-CWS', 'push']' returned non-zero exit status 1.
2026-04-25T05:03:48 [INFO] Flushed 4 row(s) to DB
2026-04-25T05:07:50 [INFO] Flushed 5 row(s) to DB
2026-04-25T05:12:50 [INFO] Flushed 5 row(s) to DB
2026-04-25T05:17:51 [INFO] Flushed 5 row(s) to DB
2026-04-25T05:22:52 [INFO] Flushed 5 row(s) to DB
2026-04-25T05:27:52 [INFO] Flushed 5 row(s) to DB
2026-04-25T05:30:03 [INFO] JSON export written to /home/akara/GitRepos/Pi-CWS/docs/data/weather-data.json
2026-04-25T05:30:04 [ALERT] Git error: Command '['git', '-C', '/home/akara/GitRepos/Pi-CWS', 'push']' returned non-zero exit status 1.
2026-04-25T05:32:53 [INFO] Flushed 4 row(s) to DB
2026-04-25T05:36:54 [INFO] Flushed 5 row(s) to DB
2026-04-25T05:41:55 [INFO] Flushed 5 row(s) to DB
2026-04-25T05:46:56 [INFO] Flushed 5 row(s) to DB
2026-04-25T05:51:56 [INFO] Flushed 5 row(s) to DB
2026-04-25T05:56:57 [INFO] Flushed 5 row(s) to DB
2026-04-25T06:00:03 [INFO] JSON export written to /home/akara/GitRepos/Pi-CWS/docs/data/weather-data.json
2026-04-25T06:00:04 [ALERT] Git error: Command '['git', '-C', '/home/akara/GitRepos/Pi-CWS', 'push']' returned non-zero exit status 1.
2026-04-25T06:01:57 [INFO] Flushed 4 row(s) to DB
2026-04-25T06:05:59 [INFO] Flushed 5 row(s) to DB
2026-04-25T06:11:00 [INFO] Flushed 5 row(s) to DB
2026-04-25T06:16:00 [INFO] Flushed 5 row(s) to DB
2026-04-25T06:21:01 [INFO] Flushed 5 row(s) to DB
2026-04-25T06:26:02 [INFO] Flushed 5 row(s) to DB
2026-04-25T06:30:03 [INFO] JSON export written to /home/akara/GitRepos/Pi-CWS/docs/data/weather-data.json
2026-04-25T06:30:05 [ALERT] Git error: Command '['git', '-C', '/home/akara/GitRepos/Pi-CWS', 'push']' returned non-zero exit status 1.
2026-04-25T06:31:02 [INFO] Flushed 4 row(s) to DB
2026-04-25T06:35:07 [INFO] Flushed 5 row(s) to DB
2026-04-25T06:40:07 [INFO] Flushed 5 row(s) to DB
2026-04-25T06:45:08 [INFO] Flushed 5 row(s) to DB
2026-04-25T06:50:09 [INFO] Flushed 5 row(s) to DB
2026-04-25T06:55:09 [INFO] Flushed 5 row(s) to DB
2026-04-25T07:00:03 [INFO] JSON export written to /home/akara/GitRepos/Pi-CWS/docs/data/weather-data.json
2026-04-25T07:00:04 [ALERT] Git error: Command '['git', '-C', '/home/akara/GitRepos/Pi-CWS', 'push']' returned non-zero exit status 1.
2026-04-25T07:00:09 [INFO] Flushed 4 row(s) to DB
2026-04-25T07:04:11 [INFO] Flushed 5 row(s) to DB
2026-04-25T07:09:12 [INFO] Flushed 5 row(s) to DB
2026-04-25T07:14:13 [INFO] Flushed 5 row(s) to DB
2026-04-25T07:19:13 [INFO] Flushed 5 row(s) to DB
2026-04-25T07:24:14 [INFO] Flushed 5 row(s) to DB
2026-04-25T07:29:15 [INFO] Flushed 5 row(s) to DB
2026-04-25T07:30:03 [INFO] JSON export written to /home/akara/GitRepos/Pi-CWS/docs/data/weather-data.json
2026-04-25T07:30:05 [ALERT] Git error: Command '['git', '-C', '/home/akara/GitRepos/Pi-CWS', 'push']' returned non-zero exit status 1.
2026-04-25T07:34:16 [INFO] Flushed 5 row(s) to DB
2026-04-25T07:39:16 [INFO] Flushed 5 row(s) to DB
2026-04-25T07:44:17 [INFO] Flushed 5 row(s) to DB
2026-04-25T07:49:18 [INFO] Flushed 5 row(s) to DB
2026-04-25T07:54:18 [INFO] Flushed 5 row(s) to DB
2026-04-25T07:59:19 [INFO] Flushed 5 row(s) to DB
2026-04-25T08:00:03 [INFO] JSON export written to /home/akara/GitRepos/Pi-CWS/docs/data/weather-data.json
2026-04-25T08:00:05 [ALERT] Git error: Command '['git', '-C', '/home/akara/GitRepos/Pi-CWS', 'push']' returned non-zero exit status 1.
2026-04-25T08:04:19 [INFO] Flushed 4 row(s) to DB
2026-04-25T08:08:21 [INFO] Flushed 5 row(s) to DB
2026-04-25T08:13:22 [INFO] Flushed 5 row(s) to DB
2026-04-25T08:18:22 [INFO] Flushed 5 row(s) to DB
2026-04-25T08:23:23 [INFO] Flushed 5 row(s) to DB
2026-04-25T08:28:24 [INFO] Flushed 5 row(s) to DB
2026-04-25T08:30:03 [INFO] JSON export written to /home/akara/GitRepos/Pi-CWS/docs/data/weather-data.json
2026-04-25T08:30:04 [ALERT] Git error: Command '['git', '-C', '/home/akara/GitRepos/Pi-CWS', 'push']' returned non-zero exit status 1.
2026-04-25T08:33:24 [INFO] Flushed 4 row(s) to DB
2026-04-25T08:37:26 [INFO] Flushed 5 row(s) to DB
2026-04-25T08:42:26 [INFO] Flushed 5 row(s) to DB
2026-04-25T08:47:27 [INFO] Flushed 5 row(s) to DB
2026-04-25T08:52:28 [INFO] Flushed 5 row(s) to DB
2026-04-25T08:57:28 [INFO] Flushed 5 row(s) to DB
2026-04-25T09:00:03 [INFO] JSON export written to /home/akara/GitRepos/Pi-CWS/docs/data/weather-data.json
2026-04-25T09:00:05 [ALERT] Git error: Command '['git', '-C', '/home/akara/GitRepos/Pi-CWS', 'push']' returned non-zero exit status 1.
2026-04-25T09:02:29 [INFO] Flushed 5 row(s) to DB
2026-04-25T09:07:30 [INFO] Flushed 5 row(s) to DB
2026-04-25T09:12:30 [INFO] Flushed 5 row(s) to DB
2026-04-25T09:17:31 [INFO] Flushed 5 row(s) to DB
2026-04-25T09:22:32 [INFO] Flushed 5 row(s) to DB
2026-04-25T09:27:32 [INFO] Flushed 5 row(s) to DB
2026-04-25T09:30:03 [INFO] JSON export written to /home/akara/GitRepos/Pi-CWS/docs/data/weather-data.json
2026-04-25T09:30:04 [ALERT] Git error: Command '['git', '-C', '/home/akara/GitRepos/Pi-CWS', 'push']' returned non-zero exit status 1.
2026-04-25T09:32:33 [INFO] Flushed 4 row(s) to DB
2026-04-25T09:36:34 [INFO] Flushed 5 row(s) to DB
2026-04-25T09:41:35 [INFO] Flushed 5 row(s) to DB
2026-04-25T09:46:36 [INFO] Flushed 5 row(s) to DB
2026-04-25T09:51:36 [INFO] Flushed 5 row(s) to DB
2026-04-25T09:56:37 [INFO] Flushed 5 row(s) to DB
2026-04-25T10:00:03 [INFO] JSON export written to /home/akara/GitRepos/Pi-CWS/docs/data/weather-data.json
2026-04-25T10:00:04 [ALERT] Git error: Command '['git', '-C', '/home/akara/GitRepos/Pi-CWS', 'push']' returned non-zero exit status 1.
2026-04-25T10:01:37 [INFO] Flushed 4 row(s) to DB
2026-04-25T10:05:39 [INFO] Flushed 5 row(s) to DB
2026-04-25T10:10:40 [INFO] Flushed 5 row(s) to DB
2026-04-25T10:15:41 [INFO] Flushed 5 row(s) to DB
2026-04-25T10:20:41 [INFO] Flushed 5 row(s) to DB
2026-04-25T10:25:42 [INFO] Flushed 5 row(s) to DB
2026-04-25T10:30:04 [INFO] JSON export written to /home/akara/GitRepos/Pi-CWS/docs/data/weather-data.json
2026-04-25T10:30:05 [ALERT] Git error: Command '['git', '-C', '/home/akara/GitRepos/Pi-CWS', 'push']' returned non-zero exit status 1.
2026-04-25T10:30:42 [INFO] Flushed 4 row(s) to DB
2026-04-25T10:34:44 [INFO] Flushed 5 row(s) to DB
2026-04-25T10:39:44 [INFO] Flushed 5 row(s) to DB
2026-04-25T10:44:45 [INFO] Flushed 5 row(s) to DB
2026-04-25T10:49:46 [INFO] Flushed 5 row(s) to DB
2026-04-25T10:54:46 [INFO] Flushed 5 row(s) to DB
2026-04-25T10:59:47 [INFO] Flushed 5 row(s) to DB
2026-04-25T11:00:03 [INFO] JSON export written to /home/akara/GitRepos/Pi-CWS/docs/data/weather-data.json
2026-04-25T11:00:05 [ALERT] Git error: Command '['git', '-C', '/home/akara/GitRepos/Pi-CWS', 'push']' returned non-zero exit status 1.
2026-04-25T11:04:47 [INFO] Flushed 4 row(s) to DB
2026-04-25T11:08:49 [INFO] Flushed 5 row(s) to DB
2026-04-25T11:13:50 [INFO] Flushed 5 row(s) to DB
2026-04-25T11:18:50 [INFO] Flushed 5 row(s) to DB
2026-04-25T11:23:51 [INFO] Flushed 5 row(s) to DB
2026-04-25T11:28:52 [INFO] Flushed 5 row(s) to DB
2026-04-25T11:30:03 [INFO] JSON export written to /home/akara/GitRepos/Pi-CWS/docs/data/weather-data.json
2026-04-25T11:30:05 [ALERT] Git error: Command '['git', '-C', '/home/akara/GitRepos/Pi-CWS', 'push']' returned non-zero exit status 1.
2026-04-25T11:33:52 [INFO] Flushed 4 row(s) to DB
2026-04-25T11:37:54 [INFO] Flushed 5 row(s) to DB
2026-04-25T11:42:55 [INFO] Flushed 5 row(s) to DB
2026-04-25T11:47:55 [INFO] Flushed 5 row(s) to DB
2026-04-25T11:52:56 [INFO] Flushed 5 row(s) to DB
2026-04-25T11:57:57 [INFO] Flushed 5 row(s) to DB
2026-04-25T12:00:03 [INFO] JSON export written to /home/akara/GitRepos/Pi-CWS/docs/data/weather-data.json
2026-04-25T12:00:05 [ALERT] Git error: Command '['git', '-C', '/home/akara/GitRepos/Pi-CWS', 'push']' returned non-zero exit status 1.
2026-04-25T12:02:57 [INFO] Flushed 4 row(s) to DB
2026-04-25T12:06:59 [INFO] Flushed 5 row(s) to DB
2026-04-25T12:11:59 [INFO] Flushed 5 row(s) to DB
2026-04-25T12:17:00 [INFO] Flushed 5 row(s) to DB
2026-04-25T12:22:01 [INFO] Flushed 5 row(s) to DB
2026-04-25T12:27:01 [INFO] Flushed 5 row(s) to DB
2026-04-25T12:30:03 [INFO] JSON export written to /home/akara/GitRepos/Pi-CWS/docs/data/weather-data.json
2026-04-25T12:30:04 [ALERT] Git error: Command '['git', '-C', '/home/akara/GitRepos/Pi-CWS', 'push']' returned non-zero exit status 1.
2026-04-25T12:32:01 [INFO] Flushed 4 row(s) to DB
2026-04-25T12:36:06 [INFO] Flushed 5 row(s) to DB
2026-04-25T12:41:07 [INFO] Flushed 5 row(s) to DB
2026-04-25T12:46:07 [INFO] Flushed 5 row(s) to DB
2026-04-25T12:51:08 [INFO] Flushed 5 row(s) to DB
2026-04-25T12:56:09 [INFO] Flushed 5 row(s) to DB
2026-04-25T13:00:03 [INFO] JSON export written to /home/akara/GitRepos/Pi-CWS/docs/data/weather-data.json
2026-04-25T13:00:05 [ALERT] Git error: Command '['git', '-C', '/home/akara/GitRepos/Pi-CWS', 'push']' returned non-zero exit status 1.
2026-04-25T13:01:09 [INFO] Flushed 4 row(s) to DB
2026-04-25T13:05:11 [INFO] Flushed 5 row(s) to DB
2026-04-25T13:10:12 [INFO] Flushed 5 row(s) to DB
2026-04-25T13:15:12 [INFO] Flushed 5 row(s) to DB
2026-04-25T13:20:13 [INFO] Flushed 5 row(s) to DB
2026-04-25T13:25:14 [INFO] Flushed 5 row(s) to DB
2026-04-25T13:30:03 [INFO] JSON export written to /home/akara/GitRepos/Pi-CWS/docs/data/weather-data.json
2026-04-25T13:30:05 [ALERT] Git error: Command '['git', '-C', '/home/akara/GitRepos/Pi-CWS', 'push']' returned non-zero exit status 1.
2026-04-25T13:30:14 [INFO] Flushed 4 row(s) to DB
2026-04-25T13:34:15 [INFO] Flushed 5 row(s) to DB
2026-04-25T13:39:16 [INFO] Flushed 5 row(s) to DB
2026-04-25T13:44:17 [INFO] Flushed 5 row(s) to DB
2026-04-25T13:49:17 [INFO] Flushed 5 row(s) to DB
2026-04-25T13:54:18 [INFO] Flushed 5 row(s) to DB
2026-04-25T13:59:19 [INFO] Flushed 5 row(s) to DB
2026-04-25T14:00:03 [INFO] JSON export written to /home/akara/GitRepos/Pi-CWS/docs/data/weather-data.json
2026-04-25T14:00:05 [ALERT] Git error: Command '['git', '-C', '/home/akara/GitRepos/Pi-CWS', 'push']' returned non-zero exit status 1.
2026-04-25T14:04:19 [INFO] Flushed 4 row(s) to DB
2026-04-25T14:08:21 [INFO] Flushed 5 row(s) to DB
2026-04-25T14:13:21 [INFO] Flushed 5 row(s) to DB
2026-04-25T14:18:22 [INFO] Flushed 5 row(s) to DB
2026-04-25T14:23:23 [INFO] Flushed 5 row(s) to DB
2026-04-25T14:28:24 [INFO] Flushed 5 row(s) to DB
2026-04-25T14:30:03 [INFO] JSON export written to /home/akara/GitRepos/Pi-CWS/docs/data/weather-data.json
